New log file opened at Mon Oct 17 02:35:32 IST 2016 by 6095@HP-Notebook
Sending msg to client activator-dbca00fa-8052-4f76-85af-2c57262f9de0: TaskFinished(55,10116,Some(AttributeKey[sbt.compiler.IC$Result]("manipulateBytecode") in Scope(Build: file:/home/shishir/NetBeansProjects/codeJam/, , Project: ProjectReference(file:/home/shishir/NetBeansProjects/codeJam/,root), Config: compile)),true,None)
Sending msg to client activator-dbca00fa-8052-4f76-85af-2c57262f9de0: TaskStarted(55,10115,Some(AttributeKey[sbt.compiler.IC$Result]("manipulateBytecode") in Scope(Build: file:/home/shishir/NetBeansProjects/codeJam/, , Project: ProjectReference(file:/home/shishir/NetBeansProjects/codeJam/,root), Config: compile)))
Sending msg to client activator-dbca00fa-8052-4f76-85af-2c57262f9de0: TaskFinished(55,10115,Some(AttributeKey[sbt.compiler.IC$Result]("manipulateBytecode") in Scope(Build: file:/home/shishir/NetBeansProjects/codeJam/, , Project: ProjectReference(file:/home/shishir/NetBeansProjects/codeJam/,root), Config: compile)),true,None)
Sending msg to client activator-dbca00fa-8052-4f76-85af-2c57262f9de0: TaskStarted(55,10112,Some(AttributeKey[sbt.compiler.IC$Result]("manipulateBytecode") in Scope(Build: file:/home/shishir/NetBeansProjects/codeJam/, , Project: ProjectReference(file:/home/shishir/NetBeansProjects/codeJam/,root), Config: compile)))
Sending msg to client activator-dbca00fa-8052-4f76-85af-2c57262f9de0: TaskFinished(55,10112,Some(AttributeKey[sbt.compiler.IC$Result]("manipulateBytecode") in Scope(Build: file:/home/shishir/NetBeansProjects/codeJam/, , Project: ProjectReference(file:/home/shishir/NetBeansProjects/codeJam/,root), Config: compile)),true,None)
Sending msg to client activator-dbca00fa-8052-4f76-85af-2c57262f9de0: TaskStarted(55,10089,Some(AttributeKey[sbt.inc.Analysis]("compile") in Scope(Build: file:/home/shishir/NetBeansProjects/codeJam/, , Project: ProjectReference(file:/home/shishir/NetBeansProjects/codeJam/,root), Config: compile)))
Sending msg to client activator-dbca00fa-8052-4f76-85af-2c57262f9de0: TaskFinished(55,10089,Some(AttributeKey[sbt.inc.Analysis]("compile") in Scope(Build: file:/home/shishir/NetBeansProjects/codeJam/, , Project: ProjectReference(file:/home/shishir/NetBeansProjects/codeJam/,root), Config: compile)),true,None)
Sending msg to client activator-dbca00fa-8052-4f76-85af-2c57262f9de0: TaskStarted(55,10088,None)
Sending msg to client activator-dbca00fa-8052-4f76-85af-2c57262f9de0: TaskFinished(55,10088,None,true,None)
Sending msg to client activator-dbca00fa-8052-4f76-85af-2c57262f9de0: TaskStarted(55,10087,Some(AttributeKey[sbt.inc.Analysis]("compile") in Scope(Build: file:/home/shishir/NetBeansProjects/codeJam/, , Project: ProjectReference(file:/home/shishir/NetBeansProjects/codeJam/,root), Config: compile)))
Sending msg to client activator-dbca00fa-8052-4f76-85af-2c57262f9de0: TaskFinished(55,10087,Some(AttributeKey[sbt.inc.Analysis]("compile") in Scope(Build: file:/home/shishir/NetBeansProjects/codeJam/, , Project: ProjectReference(file:/home/shishir/NetBeansProjects/codeJam/,root), Config: compile)),true,None)
Sending msg to client activator-dbca00fa-8052-4f76-85af-2c57262f9de0: TaskStarted(55,10174,Some(AttributeKey[sbt.PluginDiscovery$DiscoveredNames]("discoveredSbtPlugins") in Scope(Build: file:/home/shishir/NetBeansProjects/codeJam/, , Project: ProjectReference(file:/home/shishir/NetBeansProjects/codeJam/,root), Config: compile)))
Sending msg to client activator-dbca00fa-8052-4f76-85af-2c57262f9de0: TaskStarted(55,10190,None)
Sending msg to client activator-dbca00fa-8052-4f76-85af-2c57262f9de0: TaskStarted(55,10286,Some(AttributeKey[scala.collection.Seq[java.lang.String]]("discoveredMainClasses") in Scope(Build: file:/home/shishir/NetBeansProjects/codeJam/, , Project: ProjectReference(file:/home/shishir/NetBeansProjects/codeJam/,root), Config: compile)))
Sending msg to client activator-dbca00fa-8052-4f76-85af-2c57262f9de0: TaskFinished(55,10190,None,true,None)
Sending msg to client activator-dbca00fa-8052-4f76-85af-2c57262f9de0: TaskStarted(55,10189,None)
Sending msg to client activator-dbca00fa-8052-4f76-85af-2c57262f9de0: TaskFinished(55,10286,Some(AttributeKey[scala.collection.Seq[java.lang.String]]("discoveredMainClasses") in Scope(Build: file:/home/shishir/NetBeansProjects/codeJam/, , Project: ProjectReference(file:/home/shishir/NetBeansProjects/codeJam/,root), Config: compile)),true,None)
Sending msg to client activator-dbca00fa-8052-4f76-85af-2c57262f9de0: ValueChanged(AttributeKey[scala.collection.Seq[java.lang.String]]("discoveredMainClasses") in Scope(Build: file:/home/shishir/NetBeansProjects/codeJam/, , Project: ProjectReference(file:/home/shishir/NetBeansProjects/codeJam/,root), Config: compile),TaskSuccess(BuildValue(LazyValue(List(),scala.pickling.PicklerUnpickler$DelegatingPicklerUnpickler@1443231),List())))
Sending msg to client activator-dbca00fa-8052-4f76-85af-2c57262f9de0: TaskFinished(55,10174,Some(AttributeKey[sbt.PluginDiscovery$DiscoveredNames]("discoveredSbtPlugins") in Scope(Build: file:/home/shishir/NetBeansProjects/codeJam/, , Project: ProjectReference(file:/home/shishir/NetBeansProjects/codeJam/,root), Config: compile)),true,None)
Sending msg to client activator-dbca00fa-8052-4f76-85af-2c57262f9de0: TaskStarted(55,10173,None)
Sending msg to client activator-dbca00fa-8052-4f76-85af-2c57262f9de0: TaskStarted(55,10291,None)
Sending msg to client activator-dbca00fa-8052-4f76-85af-2c57262f9de0: TaskFinished(55,10173,None,true,None)
Sending msg to client activator-dbca00fa-8052-4f76-85af-2c57262f9de0: TaskStarted(55,10172,None)
Sending msg to client activator-dbca00fa-8052-4f76-85af-2c57262f9de0: TaskFinished(55,10291,None,true,None)
Sending msg to client activator-dbca00fa-8052-4f76-85af-2c57262f9de0: TaskStarted(55,10290,Some(AttributeKey[java.io.File]("assets") in Scope(Build: file:/home/shishir/NetBeansProjects/codeJam/, , Project: ProjectReference(file:/home/shishir/NetBeansProjects/codeJam/,root), Config: web-assets)))
Sending msg to client activator-dbca00fa-8052-4f76-85af-2c57262f9de0: TaskFinished(55,10172,None,true,None)
Sending msg to client activator-dbca00fa-8052-4f76-85af-2c57262f9de0: TaskStarted(55,10171,Some(AttributeKey[scala.collection.Seq[java.io.File]]("managedResources") in Scope(Build: file:/home/shishir/NetBeansProjects/codeJam/, , Project: ProjectReference(file:/home/shishir/NetBeansProjects/codeJam/,root), Config: compile)))
Sending msg to client activator-dbca00fa-8052-4f76-85af-2c57262f9de0: TaskFinished(55,10171,Some(AttributeKey[scala.collection.Seq[java.io.File]]("managedResources") in Scope(Build: file:/home/shishir/NetBeansProjects/codeJam/, , Project: ProjectReference(file:/home/shishir/NetBeansProjects/codeJam/,root), Config: compile)),true,None)
Sending msg to client activator-dbca00fa-8052-4f76-85af-2c57262f9de0: TaskStarted(55,10170,Some(AttributeKey[scala.collection.Seq[java.io.File]]("resources") in Scope(Build: file:/home/shishir/NetBeansProjects/codeJam/, , Project: ProjectReference(file:/home/shishir/NetBeansProjects/codeJam/,root), Config: compile)))
Sending msg to client activator-dbca00fa-8052-4f76-85af-2c57262f9de0: TaskFinished(55,10170,Some(AttributeKey[scala.collection.Seq[java.io.File]]("resources") in Scope(Build: file:/home/shishir/NetBeansProjects/codeJam/, , Project: ProjectReference(file:/home/shishir/NetBeansProjects/codeJam/,root), Config: compile)),true,None)
Sending msg to client activator-dbca00fa-8052-4f76-85af-2c57262f9de0: TaskStarted(55,10168,Some(AttributeKey[scala.collection.Seq[scala.Tuple2[java.io.File,java.io.File]]]("copyResources") in Scope(Build: file:/home/shishir/NetBeansProjects/codeJam/, , Project: ProjectReference(file:/home/shishir/NetBeansProjects/codeJam/,root), Config: compile)))
Sending msg to client activator-dbca00fa-8052-4f76-85af-2c57262f9de0: TaskLogEvent(10168,LogMessage(debug,Copy resource mappings: 
	(/home/shishir/NetBeansProjects/codeJam/conf/routes,/home/shishir/NetBeansProjects/codeJam/target/scala-2.10/classes/routes)
	(/home/shishir/NetBeansProjects/codeJam/conf/mail.conf.example,/home/shishir/NetBeansProjects/codeJam/target/scala-2.10/classes/mail.conf.example)
	(/home/shishir/NetBeansProjects/codeJam/conf/messages.en,/home/shishir/NetBeansProjects/codeJam/target/scala-2.10/classes/messages.en)
	(/home/shishir/NetBeansProjects/codeJam/conf/play.plugins,/home/shishir/NetBeansProjects/codeJam/target/scala-2.10/classes/play.plugins)
	(/home/shishir/NetBeansProjects/codeJam/conf/cloudbees.conf,/home/shishir/NetBeansProjects/codeJam/target/scala-2.10/classes/cloudbees.conf)
	(/home/shishir/NetBeansProjects/codeJam/conf/application.conf,/home/shishir/NetBeansProjects/codeJam/target/scala-2.10/classes/application.conf)
	(/home/shishir/NetBeansProjects/codeJam/conf/messages.fr,/home/shishir/NetBeansProjects/codeJam/target/scala-2.10/classes/messages.fr)
	(/home/shishir/NetBeansProjects/codeJam/conf/evolutions,/home/shishir/NetBeansProjects/codeJam/target/scala-2.10/classes/evolutions)
	(/home/shishir/NetBeansProjects/codeJam/conf/evolutions/default,/home/shishir/NetBeansProjects/codeJam/target/scala-2.10/classes/evolutions/default)
	(/home/shishir/NetBeansProjects/codeJam/conf/evolutions/default/1.sql,/home/shishir/NetBeansProjects/codeJam/target/scala-2.10/classes/evolutions/default/1.sql)))
Sending msg to client activator-dbca00fa-8052-4f76-85af-2c57262f9de0: TaskFinished(55,10290,Some(AttributeKey[java.io.File]("assets") in Scope(Build: file:/home/shishir/NetBeansProjects/codeJam/, , Project: ProjectReference(file:/home/shishir/NetBeansProjects/codeJam/,root), Config: web-assets)),true,None)
Sending msg to client activator-dbca00fa-8052-4f76-85af-2c57262f9de0: TaskStarted(55,10289,None)
Sending msg to client activator-dbca00fa-8052-4f76-85af-2c57262f9de0: TaskFinished(55,10168,Some(AttributeKey[scala.collection.Seq[scala.Tuple2[java.io.File,java.io.File]]]("copyResources") in Scope(Build: file:/home/shishir/NetBeansProjects/codeJam/, , Project: ProjectReference(file:/home/shishir/NetBeansProjects/codeJam/,root), Config: compile)),true,None)
Sending msg to client activator-dbca00fa-8052-4f76-85af-2c57262f9de0: TaskStarted(55,10167,Some(AttributeKey[scala.collection.Seq[java.io.File]]("products") in Scope(Build: file:/home/shishir/NetBeansProjects/codeJam/, , Project: ProjectReference(file:/home/shishir/NetBeansProjects/codeJam/,root), Config: runtime)))
Sending msg to client activator-dbca00fa-8052-4f76-85af-2c57262f9de0: TaskStarted(55,10247,Some(AttributeKey[scala.collection.Seq[java.io.File]]("products") in Scope(Build: file:/home/shishir/NetBeansProjects/codeJam/, , Project: ProjectReference(file:/home/shishir/NetBeansProjects/codeJam/,root), Config: compile)))
Sending msg to client activator-dbca00fa-8052-4f76-85af-2c57262f9de0: TaskFinished(55,10289,None,true,None)
Sending msg to client activator-dbca00fa-8052-4f76-85af-2c57262f9de0: TaskStarted(55,10288,Some(AttributeKey[sbt.inc.Analysis]("playAssetsWithCompilation") in Scope(Build: file:/home/shishir/NetBeansProjects/codeJam/, , Project: ProjectReference(file:/home/shishir/NetBeansProjects/codeJam/,root))))
Sending msg to client activator-dbca00fa-8052-4f76-85af-2c57262f9de0: TaskFinished(55,10247,Some(AttributeKey[scala.collection.Seq[java.io.File]]("products") in Scope(Build: file:/home/shishir/NetBeansProjects/codeJam/, , Project: ProjectReference(file:/home/shishir/NetBeansProjects/codeJam/,root), Config: compile)),true,None)
Sending msg to client activator-dbca00fa-8052-4f76-85af-2c57262f9de0: TaskFinished(55,10206,None,true,None)
Sending msg to client activator-dbca00fa-8052-4f76-85af-2c57262f9de0: TaskStarted(55,10205,None)
Sending msg to client activator-dbca00fa-8052-4f76-85af-2c57262f9de0: TaskFinished(55,10167,Some(AttributeKey[scala.collection.Seq[java.io.File]]("products") in Scope(Build: file:/home/shishir/NetBeansProjects/codeJam/, , Project: ProjectReference(file:/home/shishir/NetBeansProjects/codeJam/,root), Config: runtime)),true,None)
Sending msg to client activator-dbca00fa-8052-4f76-85af-2c57262f9de0: TaskFinished(55,10086,None,true,None)
Sending msg to client activator-dbca00fa-8052-4f76-85af-2c57262f9de0: TaskStarted(55,10085,None)
Sending msg to client activator-dbca00fa-8052-4f76-85af-2c57262f9de0: TaskFinished(55,10288,Some(AttributeKey[sbt.inc.Analysis]("playAssetsWithCompilation") in Scope(Build: file:/home/shishir/NetBeansProjects/codeJam/, , Project: ProjectReference(file:/home/shishir/NetBeansProjects/codeJam/,root))),true,None)
Sending msg to client activator-dbca00fa-8052-4f76-85af-2c57262f9de0: TaskStarted(55,10287,None)
Sending msg to client activator-dbca00fa-8052-4f76-85af-2c57262f9de0: TaskFinished(55,10205,None,true,None)
Sending msg to client activator-dbca00fa-8052-4f76-85af-2c57262f9de0: TaskStarted(55,10204,Some(AttributeKey[scala.collection.Seq[sbt.Attributed[java.io.File]]]("exportedProducts") in Scope(Build: file:/home/shishir/NetBeansProjects/codeJam/, , Project: ProjectReference(file:/home/shishir/NetBeansProjects/codeJam/,root), Config: compile)))
Sending msg to client activator-dbca00fa-8052-4f76-85af-2c57262f9de0: TaskFinished(55,10085,None,true,None)
Sending msg to client activator-dbca00fa-8052-4f76-85af-2c57262f9de0: TaskStarted(55,10083,Some(AttributeKey[scala.collection.Seq[sbt.Attributed[java.io.File]]]("exportedProducts") in Scope(Build: file:/home/shishir/NetBeansProjects/codeJam/, , Project: ProjectReference(file:/home/shishir/NetBeansProjects/codeJam/,root), Config: runtime)))
Sending msg to client activator-dbca00fa-8052-4f76-85af-2c57262f9de0: TaskFinished(55,10287,None,true,None)
Sending msg to client activator-dbca00fa-8052-4f76-85af-2c57262f9de0: TaskFinished(55,10189,None,true,None)
Sending msg to client activator-dbca00fa-8052-4f76-85af-2c57262f9de0: TaskStarted(55,10188,None)
Sending msg to client activator-dbca00fa-8052-4f76-85af-2c57262f9de0: TaskFinished(55,10204,Some(AttributeKey[scala.collection.Seq[sbt.Attributed[java.io.File]]]("exportedProducts") in Scope(Build: file:/home/shishir/NetBeansProjects/codeJam/, , Project: ProjectReference(file:/home/shishir/NetBeansProjects/codeJam/,root), Config: compile)),true,None)
Sending msg to client activator-dbca00fa-8052-4f76-85af-2c57262f9de0: TaskStarted(55,10203,Some(AttributeKey[scala.collection.Seq[sbt.Attributed[java.io.File]]]("exportedProducts") in Scope(Build: file:/home/shishir/NetBeansProjects/codeJam/, , Project: ProjectReference(file:/home/shishir/NetBeansProjects/codeJam/,root), Config: compile)))
Sending msg to client activator-dbca00fa-8052-4f76-85af-2c57262f9de0: TaskFinished(55,10083,Some(AttributeKey[scala.collection.Seq[sbt.Attributed[java.io.File]]]("exportedProducts") in Scope(Build: file:/home/shishir/NetBeansProjects/codeJam/, , Project: ProjectReference(file:/home/shishir/NetBeansProjects/codeJam/,root), Config: runtime)),true,None)
Sending msg to client activator-dbca00fa-8052-4f76-85af-2c57262f9de0: TaskFinished(55,10188,None,true,None)
Sending msg to client activator-dbca00fa-8052-4f76-85af-2c57262f9de0: TaskFinished(55,10165,Some(AttributeKey[scala.collection.Seq[sbt.inc.Analysis]]("playCompileEverything") in Scope(Build: file:/home/shishir/NetBeansProjects/codeJam/, , Project: ProjectReference(file:/home/shishir/NetBeansProjects/codeJam/,root))),true,None)
Sending msg to client activator-dbca00fa-8052-4f76-85af-2c57262f9de0: TaskStarted(55,10164,Some(AttributeKey[sbt.inc.Analysis]("playReload") in Scope(Build: file:/home/shishir/NetBeansProjects/codeJam/, , Project: ProjectReference(file:/home/shishir/NetBeansProjects/codeJam/,root))))
Sending msg to client activator-dbca00fa-8052-4f76-85af-2c57262f9de0: TaskFinished(55,10203,Some(AttributeKey[scala.collection.Seq[sbt.Attributed[java.io.File]]]("exportedProducts") in Scope(Build: file:/home/shishir/NetBeansProjects/codeJam/, , Project: ProjectReference(file:/home/shishir/NetBeansProjects/codeJam/,root), Config: compile)),true,None)
Sending msg to client activator-dbca00fa-8052-4f76-85af-2c57262f9de0: TaskStarted(55,10201,None)
Sending msg to client activator-dbca00fa-8052-4f76-85af-2c57262f9de0: TaskFinished(55,10201,None,true,None)
Sending msg to client activator-dbca00fa-8052-4f76-85af-2c57262f9de0: TaskStarted(55,10200,None)
Sending msg to client activator-dbca00fa-8052-4f76-85af-2c57262f9de0: TaskFinished(55,10164,Some(AttributeKey[sbt.inc.Analysis]("playReload") in Scope(Build: file:/home/shishir/NetBeansProjects/codeJam/, , Project: ProjectReference(file:/home/shishir/NetBeansProjects/codeJam/,root))),true,None)
Sending msg to client activator-dbca00fa-8052-4f76-85af-2c57262f9de0: TaskStarted(55,10163,None)
Sending msg to client activator-dbca00fa-8052-4f76-85af-2c57262f9de0: TaskFinished(55,10200,None,true,None)
Sending msg to client activator-dbca00fa-8052-4f76-85af-2c57262f9de0: TaskFinished(55,10043,None,true,None)
Sending msg to client activator-dbca00fa-8052-4f76-85af-2c57262f9de0: TaskStarted(55,10042,Some(AttributeKey[scala.collection.Seq[sbt.Attributed[java.io.File]]]("internalDependencyClasspath") in Scope(Build: file:/home/shishir/NetBeansProjects/codeJam/, , Project: ProjectReference(file:/home/shishir/NetBeansProjects/codeJam/,root), Config: runtime)))
Sending msg to client activator-dbca00fa-8052-4f76-85af-2c57262f9de0: TaskFinished(55,10163,None,true,None)
Sending msg to client activator-dbca00fa-8052-4f76-85af-2c57262f9de0: TaskFinished(55,10042,Some(AttributeKey[scala.collection.Seq[sbt.Attributed[java.io.File]]]("internalDependencyClasspath") in Scope(Build: file:/home/shishir/NetBeansProjects/codeJam/, , Project: ProjectReference(file:/home/shishir/NetBeansProjects/codeJam/,root), Config: runtime)),true,None)
Sending msg to client activator-dbca00fa-8052-4f76-85af-2c57262f9de0: TaskStarted(55,10041,Some(AttributeKey[scala.collection.Seq[sbt.Attributed[java.io.File]]]("playReloaderClasspath") in Scope(Build: file:/home/shishir/NetBeansProjects/codeJam/, , Project: ProjectReference(file:/home/shishir/NetBeansProjects/codeJam/,root))))
Sending msg to client activator-dbca00fa-8052-4f76-85af-2c57262f9de0: TaskFinished(55,10041,Some(AttributeKey[scala.collection.Seq[sbt.Attributed[java.io.File]]]("playReloaderClasspath") in Scope(Build: file:/home/shishir/NetBeansProjects/codeJam/, , Project: ProjectReference(file:/home/shishir/NetBeansProjects/codeJam/,root))),true,None)
Sending msg to client activator-dbca00fa-8052-4f76-85af-2c57262f9de0: TaskStarted(55,10040,Some(AttributeKey[scala.collection.Seq[sbt.Attributed[java.io.File]]]("playReloaderClasspath") in Scope(Build: file:/home/shishir/NetBeansProjects/codeJam/, , Project: ProjectReference(file:/home/shishir/NetBeansProjects/codeJam/,root))))
Sending msg to client activator-dbca00fa-8052-4f76-85af-2c57262f9de0: TaskFinished(55,10040,Some(AttributeKey[scala.collection.Seq[sbt.Attributed[java.io.File]]]("playReloaderClasspath") in Scope(Build: file:/home/shishir/NetBeansProjects/codeJam/, , Project: ProjectReference(file:/home/shishir/NetBeansProjects/codeJam/,root))),true,None)
Sending msg to client activator-dbca00fa-8052-4f76-85af-2c57262f9de0: TaskStarted(55,10039,None)
Sending msg to client activator-dbca00fa-8052-4f76-85af-2c57262f9de0: TaskFinished(55,10039,None,true,None)
Sending msg to client activator-dbca00fa-8052-4f76-85af-2c57262f9de0: TaskStarted(55,10038,Some(AttributeKey[play.runsupport.Reloader$CompileResult]("playForkReload") in Scope(Build: file:/home/shishir/NetBeansProjects/codeJam/, , Project: ProjectReference(file:/home/shishir/NetBeansProjects/codeJam/,root))))
Sending msg to client activator-dbca00fa-8052-4f76-85af-2c57262f9de0: TaskFinished(55,10038,Some(AttributeKey[play.runsupport.Reloader$CompileResult]("playForkReload") in Scope(Build: file:/home/shishir/NetBeansProjects/codeJam/, , Project: ProjectReference(file:/home/shishir/NetBeansProjects/codeJam/,root))),true,None)
Sending msg to client activator-dbca00fa-8052-4f76-85af-2c57262f9de0: TaskStarted(55,10037,None)
Sending msg to client activator-dbca00fa-8052-4f76-85af-2c57262f9de0: TaskFinished(55,10037,None,true,None)
Sending msg to client activator-dbca00fa-8052-4f76-85af-2c57262f9de0: TaskStarted(55,10036,None)
Sending msg to client activator-dbca00fa-8052-4f76-85af-2c57262f9de0: TaskFinished(55,10036,None,true,None)
Sending msg to client activator-dbca00fa-8052-4f76-85af-2c57262f9de0: DetachedLogEvent(LogMessage(debug,cancel strategy finish enabled=false lastCommand=Some(LastCommand(CommandExecutionWork(ExecutionId(55),{file:/home/shishir/NetBeansProjects/codeJam/}root/*:playForkReload,Set(LiveClient(play-fork-run 374db82a-4b44-4537-8a7e-1947a4c3995f)),sbt.server.WorkCancellationStatus$$anon$1@3e8a51de)))))
Sending msg to client activator-dbca00fa-8052-4f76-85af-2c57262f9de0: DetachedLogEvent(LogSuccess(Total time: 2 s, completed 17 Oct, 2016 2:35:32 AM))
Sending msg to client activator-dbca00fa-8052-4f76-85af-2c57262f9de0: DetachedLogEvent(LogMessage(debug,> server-post-command-cleanup))
Sending msg to client activator-dbca00fa-8052-4f76-85af-2c57262f9de0: ExecutionSuccess(55)
Sending msg to client activator-dbca00fa-8052-4f76-85af-2c57262f9de0: DetachedLogEvent(LogMessage(debug,> server-handle-next-server-request))
Sending msg to client activator-dbca00fa-8052-4f76-85af-2c57262f9de0: BackgroundJobLogEvent(1,LogMessage(info,))
Sending msg to client activator-dbca00fa-8052-4f76-85af-2c57262f9de0: BackgroundJobLogEvent(1,LogMessage(info,[35m--- (RELOAD) ---[0m))
Sending msg to client activator-dbca00fa-8052-4f76-85af-2c57262f9de0: BackgroundJobLogEvent(1,LogMessage(info,))
Sending msg to client activator-dbca00fa-8052-4f76-85af-2c57262f9de0: BackgroundJobLogEvent(1,LogMessage(info,application - Shutting down connection pool.))
Sending msg to client activator-dbca00fa-8052-4f76-85af-2c57262f9de0: BackgroundJobLogEvent(1,LogMessage(info,application - Creating Pool for datasource 'default'))
Sending msg to client activator-dbca00fa-8052-4f76-85af-2c57262f9de0: BackgroundJobLogEvent(1,LogMessage(info,p.a.d.DefaultDBApi - Database [default] connected at jdbc:postgresql://localhost:5432/postgres))
Sending msg to client activator-dbca00fa-8052-4f76-85af-2c57262f9de0: BackgroundJobLogEvent(1,LogMessage(info,play.api.Play - Application started (Dev)))
Sending msg to client activator-dbca00fa-8052-4f76-85af-2c57262f9de0: BackgroundJobLogEvent(1,LogMessage(info,Syndinstant Dr Card    83.33333))
Sending msg to client activator-dbca00fa-8052-4f76-85af-2c57262f9de0: BackgroundJobLogEvent(1,LogMessage(info,Syndinstant Dr Card    83.33333))
Sending msg to client activator-dbca00fa-8052-4f76-85af-2c57262f9de0: BackgroundJobLogEvent(1,LogMessage(info,Shishir Chandra    66.66667))
Sending msg to client activator-dbca00fa-8052-4f76-85af-2c57262f9de0: BackgroundJobLogEvent(1,LogMessage(info,Shishir Chandra    66.66667))
Sending msg to client activator-dbca00fa-8052-4f76-85af-2c57262f9de0: BackgroundJobLogEvent(1,LogMessage(info,Shishir outlook    50.0))
Sending msg to client activator-dbca00fa-8052-4f76-85af-2c57262f9de0: BackgroundJobLogEvent(1,LogMessage(info,Shishir outlook    50.0))
Sending msg to client activator-dbca00fa-8052-4f76-85af-2c57262f9de0: BackgroundJobLogEvent(1,LogMessage(info,Sanchari Shome    33.333336))
Sending msg to client activator-dbca00fa-8052-4f76-85af-2c57262f9de0: BackgroundJobLogEvent(1,LogMessage(info,Sanchari Shome    33.333336))
Sending msg to client activator-dbca00fa-8052-4f76-85af-2c57262f9de0: BackgroundJobLogEvent(1,LogMessage(info,Syndinstant Dr Card    83.33333))
Sending msg to client activator-dbca00fa-8052-4f76-85af-2c57262f9de0: BackgroundJobLogEvent(1,LogMessage(info,Syndinstant Dr Card    83.33333))
Sending msg to client activator-dbca00fa-8052-4f76-85af-2c57262f9de0: BackgroundJobLogEvent(1,LogMessage(info,Shishir Chandra    66.66667))
Sending msg to client activator-dbca00fa-8052-4f76-85af-2c57262f9de0: BackgroundJobLogEvent(1,LogMessage(info,Shishir Chandra    66.66667))
Sending msg to client activator-dbca00fa-8052-4f76-85af-2c57262f9de0: BackgroundJobLogEvent(1,LogMessage(info,Shishir outlook    50.0))
Sending msg to client activator-dbca00fa-8052-4f76-85af-2c57262f9de0: BackgroundJobLogEvent(1,LogMessage(info,Shishir outlook    50.0))
Sending msg to client activator-dbca00fa-8052-4f76-85af-2c57262f9de0: BackgroundJobLogEvent(1,LogMessage(info,Sanchari Shome    33.333336))
Sending msg to client activator-dbca00fa-8052-4f76-85af-2c57262f9de0: BackgroundJobLogEvent(1,LogMessage(info,Sanchari Shome    33.333336))
Sending msg to client activator-dbca00fa-8052-4f76-85af-2c57262f9de0: BackgroundJobLogEvent(1,LogMessage(info,models.Scorecard@4))
Sending msg to client activator-dbca00fa-8052-4f76-85af-2c57262f9de0: BackgroundJobLogEvent(1,LogMessage(info,Syndinstant Dr Card    83.33333))
Sending msg to client activator-dbca00fa-8052-4f76-85af-2c57262f9de0: BackgroundJobLogEvent(1,LogMessage(info,Syndinstant Dr Card    83.33333))
Sending msg to client activator-dbca00fa-8052-4f76-85af-2c57262f9de0: BackgroundJobLogEvent(1,LogMessage(info,Shishir Chandra    66.66667))
Sending msg to client activator-dbca00fa-8052-4f76-85af-2c57262f9de0: BackgroundJobLogEvent(1,LogMessage(info,Shishir Chandra    66.66667))
Sending msg to client activator-dbca00fa-8052-4f76-85af-2c57262f9de0: BackgroundJobLogEvent(1,LogMessage(info,Shishir outlook    50.0))
Sending msg to client activator-dbca00fa-8052-4f76-85af-2c57262f9de0: BackgroundJobLogEvent(1,LogMessage(info,Shishir outlook    50.0))
Sending msg to client activator-dbca00fa-8052-4f76-85af-2c57262f9de0: BackgroundJobLogEvent(1,LogMessage(info,Sanchari Shome    33.333336))
Sending msg to client activator-dbca00fa-8052-4f76-85af-2c57262f9de0: BackgroundJobLogEvent(1,LogMessage(info,Sanchari Shome    33.333336))
Sending msg to client activator-dbca00fa-8052-4f76-85af-2c57262f9de0: BackgroundJobLogEvent(1,LogMessage(info,models.Scorecard@4))
Sending msg to client activator-dbca00fa-8052-4f76-85af-2c57262f9de0: BackgroundJobLogEvent(1,LogMessage(info,5))
Sending msg to client activator-dbca00fa-8052-4f76-85af-2c57262f9de0: BackgroundJobLogEvent(1,LogMessage(info,models.Scorecard@4))
Sending msg to client activator-dbca00fa-8052-4f76-85af-2c57262f9de0: BackgroundJobLogEvent(1,LogMessage(info,Syndinstant Dr Card    83.33333))
Sending msg to client activator-dbca00fa-8052-4f76-85af-2c57262f9de0: BackgroundJobLogEvent(1,LogMessage(info,Syndinstant Dr Card    83.33333))
Sending msg to client activator-dbca00fa-8052-4f76-85af-2c57262f9de0: BackgroundJobLogEvent(1,LogMessage(info,Sanchari Shome    83.33333))
Sending msg to client activator-dbca00fa-8052-4f76-85af-2c57262f9de0: BackgroundJobLogEvent(1,LogMessage(info,Sanchari Shome    83.33333))
Sending msg to client activator-dbca00fa-8052-4f76-85af-2c57262f9de0: BackgroundJobLogEvent(1,LogMessage(info,Shishir Chandra    66.66667))
Sending msg to client activator-dbca00fa-8052-4f76-85af-2c57262f9de0: BackgroundJobLogEvent(1,LogMessage(info,Shishir Chandra    66.66667))
Sending msg to client activator-dbca00fa-8052-4f76-85af-2c57262f9de0: BackgroundJobLogEvent(1,LogMessage(info,Shishir outlook    50.0))
Sending msg to client activator-dbca00fa-8052-4f76-85af-2c57262f9de0: BackgroundJobLogEvent(1,LogMessage(info,Shishir outlook    50.0))
Sending msg to client activator-dbca00fa-8052-4f76-85af-2c57262f9de0: BackgroundJobLogEvent(1,LogMessage(info,models.Scorecard@2))
Sending msg to client activator-dbca00fa-8052-4f76-85af-2c57262f9de0: BackgroundJobLogEvent(1,LogMessage(info,5))
Sending msg to client activator-dbca00fa-8052-4f76-85af-2c57262f9de0: BackgroundJobLogEvent(1,LogMessage(info,models.Scorecard@2))
Sending msg to client activator-dbca00fa-8052-4f76-85af-2c57262f9de0: BackgroundJobLogEvent(1,LogMessage(info,Syndinstant Dr Card    83.33333))
Sending msg to client activator-dbca00fa-8052-4f76-85af-2c57262f9de0: BackgroundJobLogEvent(1,LogMessage(info,Syndinstant Dr Card    83.33333))
Sending msg to client activator-dbca00fa-8052-4f76-85af-2c57262f9de0: BackgroundJobLogEvent(1,LogMessage(info,Sanchari Shome    83.33333))
Sending msg to client activator-dbca00fa-8052-4f76-85af-2c57262f9de0: BackgroundJobLogEvent(1,LogMessage(info,Sanchari Shome    83.33333))
Sending msg to client activator-dbca00fa-8052-4f76-85af-2c57262f9de0: BackgroundJobLogEvent(1,LogMessage(info,Shishir Chandra    83.33333))
Sending msg to client activator-dbca00fa-8052-4f76-85af-2c57262f9de0: BackgroundJobLogEvent(1,LogMessage(info,Shishir Chandra    83.33333))
Sending msg to client activator-dbca00fa-8052-4f76-85af-2c57262f9de0: BackgroundJobLogEvent(1,LogMessage(info,Shishir outlook    50.0))
Sending msg to client activator-dbca00fa-8052-4f76-85af-2c57262f9de0: BackgroundJobLogEvent(1,LogMessage(info,Shishir outlook    50.0))
Sending msg to client activator-dbca00fa-8052-4f76-85af-2c57262f9de0: BackgroundJobLogEvent(1,LogMessage(info,models.Scorecard@2))
Sending msg to client activator-dbca00fa-8052-4f76-85af-2c57262f9de0: BackgroundJobLogEvent(1,LogMessage(info,4))
Sending msg to client activator-dbca00fa-8052-4f76-85af-2c57262f9de0: BackgroundJobLogEvent(1,LogMessage(info,models.Scorecard@2))
Got request: ExecutionRequest(jobStop 1)
Reading next message from client.
Sending msg to client activator-dbca00fa-8052-4f76-85af-2c57262f9de0: (45,ExecutionRequestReceived(56))
Sending msg to client activator-dbca00fa-8052-4f76-85af-2c57262f9de0: ExecutionWaiting(56,jobStop 1,ClientInfo(dbca00fa-8052-4f76-85af-2c57262f9de0,activator,Activator,3,Vector()))
Sending msg to client activator-dbca00fa-8052-4f76-85af-2c57262f9de0: ExecutionStarting(56)
Sending msg to client activator-dbca00fa-8052-4f76-85af-2c57262f9de0: DetachedLogEvent(LogMessage(debug,> jobStop 1))
Sending msg to client activator-dbca00fa-8052-4f76-85af-2c57262f9de0: DetachedLogEvent(LogMessage(debug,Evaluating tasks: *:jobStop))
Sending msg to client activator-dbca00fa-8052-4f76-85af-2c57262f9de0: DetachedLogEvent(LogMessage(debug,Running task... Cancel: sbt.server.ServerTaskCancellation@6ea476f, check cycles: false))
Sending msg to client activator-dbca00fa-8052-4f76-85af-2c57262f9de0: DetachedLogEvent(LogMessage(debug,cancel strategy start enabled=true lastCommand=Some(LastCommand(CommandExecutionWork(ExecutionId(56),jobStop 1,Set(LiveClient(activator dbca00fa-8052-4f76-85af-2c57262f9de0)),sbt.server.WorkCancellationStatus$$anon$1@7eeb7733)))))
Sending msg to client activator-dbca00fa-8052-4f76-85af-2c57262f9de0: TaskStarted(56,10294,Some(AttributeKey[void]("jobStop") in Scope(Global)))
Sending msg to client activator-dbca00fa-8052-4f76-85af-2c57262f9de0: TaskFinished(56,10294,Some(AttributeKey[void]("jobStop") in Scope(Global)),true,None)
Sending msg to client activator-dbca00fa-8052-4f76-85af-2c57262f9de0: TaskStarted(56,10293,None)
Sending msg to client activator-dbca00fa-8052-4f76-85af-2c57262f9de0: TaskFinished(56,10293,None,true,None)
Sending msg to client activator-dbca00fa-8052-4f76-85af-2c57262f9de0: TaskStarted(56,10292,None)
Sending msg to client activator-dbca00fa-8052-4f76-85af-2c57262f9de0: TaskFinished(56,10292,None,true,None)
Sending msg to client activator-dbca00fa-8052-4f76-85af-2c57262f9de0: DetachedLogEvent(LogMessage(debug,cancel strategy finish enabled=false lastCommand=Some(LastCommand(CommandExecutionWork(ExecutionId(56),jobStop 1,Set(LiveClient(activator dbca00fa-8052-4f76-85af-2c57262f9de0)),sbt.server.WorkCancellationStatus$$anon$1@7eeb7733)))))
Sending msg to client activator-dbca00fa-8052-4f76-85af-2c57262f9de0: DetachedLogEvent(LogSuccess(Total time: 0 s, completed 17 Oct, 2016 2:39:47 AM))
Sending msg to client activator-dbca00fa-8052-4f76-85af-2c57262f9de0: DetachedLogEvent(LogMessage(debug,> server-post-command-cleanup))
Sending msg to client activator-dbca00fa-8052-4f76-85af-2c57262f9de0: ExecutionSuccess(56)
Sending msg to client activator-dbca00fa-8052-4f76-85af-2c57262f9de0: DetachedLogEvent(LogMessage(debug,> server-handle-next-server-request))
Sending msg to client activator-dbca00fa-8052-4f76-85af-2c57262f9de0: BackgroundJobLogEvent(1,LogMessage(info,Stopping Play fork run ...))
Sending msg to client activator-dbca00fa-8052-4f76-85af-2c57262f9de0: BackgroundJobLogEvent(1,LogMessage(info,application - Shutting down connection pool.))
Sending msg to client activator-dbca00fa-8052-4f76-85af-2c57262f9de0: BackgroundJobLogEvent(1,LogMessage(info,JVM exiting, shutting down Play fork run ...))
Sending msg to client activator-dbca00fa-8052-4f76-85af-2c57262f9de0: BackgroundJobLogEvent(1,LogMessage(info,Play fork run already stopped ...))
Sending msg to client activator-dbca00fa-8052-4f76-85af-2c57262f9de0: BackgroundJobLogEvent(1,LogMessage(info,Forked Play process exited with status: 0))
Sending msg to client activator-dbca00fa-8052-4f76-85af-2c57262f9de0: BackgroundJobFinished(5,1)
