New log file opened at Tue Sep 27 19:03:06 IST 2016 by 18366@HP-Notebook
jvm 18366@HP-Notebook
jvm vmName=Java HotSpot(TM) 64-Bit Server VM vmVendor=Oracle Corporation vmVersion=25.101-b13
jvm specName=Java Virtual Machine Specification specVendor=Oracle Corporation specVersion=1.8
jvm arguments: [-Xms256m, -Xmx1024m, -XX:MetaspaceSize=64m, -XX:MaxMetaspaceSize=256m]
Starting event engine
Starting sbt command engine
Waiting for sbt command engine
Command engine arguments=List()
Command engine baseDirectory=/home/shishir/NetBeansProjects/codeJam
Command engine initial remaining commands List(--initialize, onFailure load-failed, boot, server-send-ready-for-request, server-handle-next-server-request)
> --initialize
> initialize
> onFailure load-failed
> boot
> reload
[Loading] Scanning directory /home/shishir/NetBeansProjects/codeJam/project
[Loading] Found non-root projects 
[Loading] Done in /home/shishir/NetBeansProjects/codeJam/project, returning: ()
deducing auto plugins based on known facts Set(Atom(sbt.plugins.CorePlugin)) and clauses Clauses(List(Clause(Atom(sbt.plugins.JvmPlugin),Set(Atom(sbt.plugins.IvyPlugin))), Clause(Atom(sbt.plugins.JUnitXmlReportPlugin),Set(Atom(sbt.plugins.JvmPlugin))), Clause(Atom(sbt.plugins.CorePlugin),Set(Atom(sbt.plugins.IvyPlugin))), Clause(Atom(sbt.plugins.IvyPlugin),Set(Atom(sbt.plugins.JvmPlugin))), Clause(Atom(sbt.plugins.JvmPlugin),Set(Atom(sbt.plugins.JUnitXmlReportPlugin)))))
  :: deduced result: Matched(sbt.plugins.CorePlugin,sbt.plugins.IvyPlugin,sbt.plugins.JvmPlugin,sbt.plugins.JUnitXmlReportPlugin)
sorting: ns: List(sbt.plugins.CorePlugin, sbt.plugins.IvyPlugin, sbt.plugins.JvmPlugin, sbt.plugins.JUnitXmlReportPlugin)
  :: sorting:: found: List(sbt.plugins.CorePlugin) not found List(sbt.plugins.IvyPlugin, sbt.plugins.JvmPlugin, sbt.plugins.JUnitXmlReportPlugin)
  :: sorting:: found: List(sbt.plugins.CorePlugin, sbt.plugins.IvyPlugin) not found List(sbt.plugins.JvmPlugin, sbt.plugins.JUnitXmlReportPlugin)
  :: sorting:: found: List(sbt.plugins.CorePlugin, sbt.plugins.IvyPlugin, sbt.plugins.JvmPlugin) not found List(sbt.plugins.JUnitXmlReportPlugin)
  :: sorting:: found: List(sbt.plugins.CorePlugin, sbt.plugins.IvyPlugin, sbt.plugins.JvmPlugin, sbt.plugins.JUnitXmlReportPlugin) not found List()
  :: sorted deduced result: List(sbt.plugins.CorePlugin, sbt.plugins.IvyPlugin, sbt.plugins.JvmPlugin, sbt.plugins.JUnitXmlReportPlugin)
[Loading] Done in /home/shishir/NetBeansProjects/codeJam/project, returning: (codejam-build)
Loading project definition from /home/shishir/NetBeansProjects/codeJam/project
Running task... Cancel: sbt.TaskCancellationStrategy$Null$@70aa2689, check cycles: false

Initial source changes: 
	removed:Set()
	added: Set()
	modified: Set()
Removed products: Set()
External API changes: API Changes: Set()
Modified binary dependencies: Set()
Initial directly invalidated sources: Set()

Sources indirectly invalidated by:
	product: Set()
	binary dep: Set()
	external source: Set()
All initially invalidated sources: Set()

Copy resource mappings: 
	
[Loading] Scanning directory /home/shishir/NetBeansProjects/codeJam
[Loading] Found root project root w/ remaining 
deducing auto plugins based on known facts Set(Atom(play.sbt.PlayJava), Atom(play.ebean.sbt.PlayEbean), Atom(sbt.plugins.CorePlugin)) and clauses Clauses(List(Clause(Atom(sbt.plugins.JvmPlugin),Set(Atom(sbt.plugins.IvyPlugin))), Clause(Atom(sbt.plugins.JUnitXmlReportPlugin),Set(Atom(sbt.plugins.JvmPlugin))), Clause(Atom(play.sbt.Play),Set(Atom(com.typesafe.sbt.packager.archetypes.JavaServerAppPackaging))), Clause(Atom(play.sbt.Play),Set(Atom(play.sbt.routes.RoutesCompiler))), Clause(Atom(play.sbt.Play),Set(Atom(play.twirl.sbt.SbtTwirl))), Clause(Atom(play.sbt.Play),Set(Atom(com.typesafe.sbt.jse.SbtJsTask))), Clause(Atom(play.sbt.PlayAkkaHttpServer),Set(Atom(play.sbt.Play))), Clause(Atom(play.sbt.PlayJava),Set(Atom(play.sbt.Play))), Clause(Atom(play.sbt.PlayLayoutPlugin),Set(Atom(play.sbt.Play))), Clause(Atom(play.sbt.PlayNettyServer),Set(Atom(play.sbt.Play))), Clause(Atom(play.sbt.PlayScala),Set(Atom(play.sbt.Play))), Clause(Atom(play.sbt.routes.RoutesCompiler),Set(Atom(sbt.plugins.JvmPlugin))), Clause(Atom(play.twirl.sbt.SbtTwirl),Set(Atom(sbt.plugins.JvmPlugin))), Clause(Atom(com.typesafe.sbt.packager.archetypes.AkkaAppPackaging),Set(Atom(com.typesafe.sbt.packager.archetypes.JavaAppPackaging))), Clause(Atom(com.typesafe.sbt.packager.archetypes.JavaAppPackaging),Set(Atom(com.typesafe.sbt.packager.windows.WindowsPlugin))), Clause(Atom(com.typesafe.sbt.packager.archetypes.JavaAppPackaging),Set(Atom(com.typesafe.sbt.packager.docker.DockerPlugin))), Clause(Atom(com.typesafe.sbt.packager.archetypes.JavaAppPackaging),Set(Atom(com.typesafe.sbt.packager.debian.DebianPlugin))), Clause(Atom(com.typesafe.sbt.packager.archetypes.JavaAppPackaging),Set(Atom(com.typesafe.sbt.packager.rpm.RpmPlugin))), Clause(Atom(com.typesafe.sbt.packager.archetypes.JavaServerAppPackaging),Set(Atom(com.typesafe.sbt.packager.archetypes.JavaAppPackaging))), Clause(Atom(com.typesafe.sbt.packager.archetypes.jar.ClasspathJarPlugin),Set(Atom(com.typesafe.sbt.packager.archetypes.JavaAppPackaging))), Clause(Atom(com.typesafe.sbt.packager.archetypes.jar.LauncherJarPlugin),Set(Atom(com.typesafe.sbt.packager.archetypes.JavaAppPackaging))), Clause(Atom(com.typesafe.sbt.packager.debian.DebianDeployPlugin),Set(Atom(com.typesafe.sbt.packager.debian.DebianPlugin))), Clause(Atom(com.typesafe.sbt.packager.debian.DebianPlugin),Set(Atom(com.typesafe.sbt.packager.linux.LinuxPlugin))), Clause(Atom(com.typesafe.sbt.packager.debian.JDebPackaging),Set(Atom(com.typesafe.sbt.packager.debian.DebianPlugin))), Clause(Atom(com.typesafe.sbt.packager.docker.DockerPlugin),Set(Atom(com.typesafe.sbt.packager.universal.UniversalPlugin))), Clause(Atom(com.typesafe.sbt.packager.jdkpackager.JDKPackagerDeployPlugin),Set(Atom(com.typesafe.sbt.packager.jdkpackager.JDKPackagerPlugin))), Clause(Atom(com.typesafe.sbt.packager.jdkpackager.JDKPackagerPlugin),Set(Atom(com.typesafe.sbt.packager.archetypes.JavaAppPackaging))), Clause(Atom(com.typesafe.sbt.packager.jdkpackager.JDKPackagerPlugin),Set(Atom(com.typesafe.sbt.packager.archetypes.jar.ClasspathJarPlugin))), Clause(Atom(com.typesafe.sbt.packager.linux.LinuxPlugin),Set(Atom(com.typesafe.sbt.packager.universal.UniversalPlugin))), Clause(Atom(com.typesafe.sbt.packager.rpm.RpmDeployPlugin),Set(Atom(com.typesafe.sbt.packager.rpm.RpmPlugin))), Clause(Atom(com.typesafe.sbt.packager.rpm.RpmPlugin),Set(Atom(com.typesafe.sbt.packager.linux.LinuxPlugin))), Clause(Atom(com.typesafe.sbt.packager.universal.UniversalDeployPlugin),Set(Atom(com.typesafe.sbt.packager.universal.UniversalPlugin))), Clause(Atom(com.typesafe.sbt.packager.universal.UniversalPlugin),Set(Atom(com.typesafe.sbt.SbtNativePackager))), Clause(Atom(com.typesafe.sbt.packager.windows.WindowsDeployPlugin),Set(Atom(com.typesafe.sbt.packager.windows.WindowsPlugin))), Clause(Atom(com.typesafe.sbt.packager.windows.WindowsPlugin),Set(Atom(com.typesafe.sbt.packager.universal.UniversalPlugin))), Clause(Atom(com.typesafe.sbt.web.SbtWeb),Set(Atom(sbt.plugins.JvmPlugin))), Clause(Atom(com.typesafe.sbt.jse.SbtJsEngine),Set(Atom(com.typesafe.sbt.web.SbtWeb))), Clause(Atom(com.typesafe.sbt.jse.SbtJsTask),Set(Atom(com.typesafe.sbt.jse.SbtJsEngine))), Clause(Atom(com.typesafe.sbt.less.SbtLess),Set(Atom(com.typesafe.sbt.jse.SbtJsTask))), Clause(Atom(com.typesafe.sbt.coffeescript.SbtCoffeeScript),Set(Atom(com.typesafe.sbt.jse.SbtJsTask))), Clause(Atom(play.ebean.sbt.PlayEbean),Set(Atom(com.typesafe.play.sbt.enhancer.PlayEnhancer))), Clause(Atom(com.typesafe.play.sbt.enhancer.PlayEnhancer),Set(Atom(sbt.plugins.JvmPlugin))), Clause(Atom(com.typesafe.sbteclipse.plugin.EclipsePlugin),Set(Atom(sbt.plugins.JvmPlugin))), Clause(Atom(sbt.plugins.BackgroundRunPlugin),Set(Atom(sbt.plugins.JvmPlugin))), Clause(Atom(play.sbt.forkrun.PlayForkRun),Set(Atom(sbt.plugins.BackgroundRunPlugin))), Clause(Atom(play.sbt.forkrun.PlayForkRun),Set(Atom(play.sbt.Play))), Clause(Atom(play.sbt.forkrun.PlayForkRun),Set(Atom(sbt.plugins.SerializersPlugin))), Clause(Atom(sbt.plugins.CorePlugin),Set(Atom(sbt.plugins.IvyPlugin))), Clause(Atom(sbt.plugins.IvyPlugin),Set(Atom(sbt.plugins.JvmPlugin))), Clause(Atom(sbt.plugins.JvmPlugin),Set(Atom(sbt.plugins.JUnitXmlReportPlugin))), Clause(Atom(play.sbt.Play),Set(Atom(play.sbt.PlayLayoutPlugin))), Clause(Atom(play.sbt.Play),Set(Atom(play.sbt.PlayNettyServer))), Clause(Atom(com.typesafe.sbt.web.SbtWeb),Set(Atom(com.typesafe.sbt.jse.SbtJsEngine))), Clause(Atom(com.typesafe.sbt.jse.SbtJsEngine),Set(Atom(com.typesafe.sbt.jse.SbtJsTask))), Clause(Atom(com.typesafe.sbt.jse.SbtJsTask),Set(Atom(com.typesafe.sbt.less.SbtLess))), Clause(Atom(com.typesafe.sbt.jse.SbtJsTask),Set(Atom(com.typesafe.sbt.coffeescript.SbtCoffeeScript))), Clause(Atom(sbt.plugins.JvmPlugin),Set(Atom(com.typesafe.play.sbt.enhancer.PlayEnhancer))), Clause(Atom(sbt.plugins.JvmPlugin),Set(Atom(com.typesafe.sbteclipse.plugin.EclipsePlugin))), Clause(Atom(sbt.plugins.JvmPlugin),Set(Atom(sbt.plugins.BackgroundRunPlugin))), Clause(Atom(sbt.plugins.CorePlugin),Set(Atom(sbt.plugins.InteractionServicePlugin))), Clause(Atom(sbt.plugins.CorePlugin),Set(Atom(sbt.plugins.SendEventServicePlugin))), Clause(Atom(sbt.plugins.CorePlugin),Set(Atom(sbt.plugins.SerializersPlugin))), Clause(And(Set(Atom(sbt.plugins.BackgroundRunPlugin), Atom(play.sbt.Play), Atom(sbt.plugins.SerializersPlugin))),Set(Atom(play.sbt.forkrun.PlayForkRun)))))
  :: deduced result: Matched(sbt.plugins.CorePlugin,play.ebean.sbt.PlayEbean,play.sbt.PlayJava,com.typesafe.play.sbt.enhancer.PlayEnhancer,sbt.plugins.InteractionServicePlugin,sbt.plugins.SendEventServicePlugin,play.sbt.Play,sbt.plugins.SerializersPlugin,sbt.plugins.IvyPlugin,com.typesafe.sbt.packager.archetypes.JavaServerAppPackaging,play.twirl.sbt.SbtTwirl,sbt.plugins.JvmPlugin,play.sbt.PlayNettyServer,play.sbt.PlayLayoutPlugin,play.sbt.routes.RoutesCompiler,com.typesafe.sbt.jse.SbtJsTask,com.typesafe.sbteclipse.plugin.EclipsePlugin,com.typesafe.sbt.packager.archetypes.JavaAppPackaging,sbt.plugins.JUnitXmlReportPlugin,com.typesafe.sbt.less.SbtLess,com.typesafe.sbt.jse.SbtJsEngine,com.typesafe.sbt.coffeescript.SbtCoffeeScript,sbt.plugins.BackgroundRunPlugin,com.typesafe.sbt.packager.rpm.RpmPlugin,com.typesafe.sbt.packager.windows.WindowsPlugin,com.typesafe.sbt.web.SbtWeb,com.typesafe.sbt.packager.docker.DockerPlugin,play.sbt.forkrun.PlayForkRun,com.typesafe.sbt.packager.debian.DebianPlugin,com.typesafe.sbt.packager.universal.UniversalPlugin,com.typesafe.sbt.packager.linux.LinuxPlugin,com.typesafe.sbt.SbtNativePackager)
sorting: ns: List(sbt.plugins.CorePlugin, play.ebean.sbt.PlayEbean, play.sbt.PlayJava, com.typesafe.play.sbt.enhancer.PlayEnhancer, sbt.plugins.InteractionServicePlugin, sbt.plugins.SendEventServicePlugin, play.sbt.Play, sbt.plugins.SerializersPlugin, sbt.plugins.IvyPlugin, com.typesafe.sbt.packager.archetypes.JavaServerAppPackaging, play.twirl.sbt.SbtTwirl, sbt.plugins.JvmPlugin, play.sbt.PlayNettyServer, play.sbt.PlayLayoutPlugin, play.sbt.routes.RoutesCompiler, com.typesafe.sbt.jse.SbtJsTask, com.typesafe.sbteclipse.plugin.EclipsePlugin, com.typesafe.sbt.packager.archetypes.JavaAppPackaging, sbt.plugins.JUnitXmlReportPlugin, com.typesafe.sbt.less.SbtLess, com.typesafe.sbt.jse.SbtJsEngine, com.typesafe.sbt.coffeescript.SbtCoffeeScript, sbt.plugins.BackgroundRunPlugin, com.typesafe.sbt.packager.rpm.RpmPlugin, com.typesafe.sbt.packager.windows.WindowsPlugin, com.typesafe.sbt.web.SbtWeb, com.typesafe.sbt.packager.docker.DockerPlugin, play.sbt.forkrun.PlayForkRun, com.typesafe.sbt.packager.debian.DebianPlugin, com.typesafe.sbt.packager.universal.UniversalPlugin, com.typesafe.sbt.packager.linux.LinuxPlugin, com.typesafe.sbt.SbtNativePackager)
  :: sorting:: found: List(sbt.plugins.CorePlugin, com.typesafe.sbt.SbtNativePackager) not found List(play.ebean.sbt.PlayEbean, play.sbt.PlayJava, com.typesafe.play.sbt.enhancer.PlayEnhancer, sbt.plugins.InteractionServicePlugin, sbt.plugins.SendEventServicePlugin, play.sbt.Play, sbt.plugins.SerializersPlugin, sbt.plugins.IvyPlugin, com.typesafe.sbt.packager.archetypes.JavaServerAppPackaging, play.twirl.sbt.SbtTwirl, sbt.plugins.JvmPlugin, play.sbt.PlayNettyServer, play.sbt.PlayLayoutPlugin, play.sbt.routes.RoutesCompiler, com.typesafe.sbt.jse.SbtJsTask, com.typesafe.sbteclipse.plugin.EclipsePlugin, com.typesafe.sbt.packager.archetypes.JavaAppPackaging, sbt.plugins.JUnitXmlReportPlugin, com.typesafe.sbt.less.SbtLess, com.typesafe.sbt.jse.SbtJsEngine, com.typesafe.sbt.coffeescript.SbtCoffeeScript, sbt.plugins.BackgroundRunPlugin, com.typesafe.sbt.packager.rpm.RpmPlugin, com.typesafe.sbt.packager.windows.WindowsPlugin, com.typesafe.sbt.web.SbtWeb, com.typesafe.sbt.packager.docker.DockerPlugin, play.sbt.forkrun.PlayForkRun, com.typesafe.sbt.packager.debian.DebianPlugin, com.typesafe.sbt.packager.universal.UniversalPlugin, com.typesafe.sbt.packager.linux.LinuxPlugin)
  :: sorting:: found: List(sbt.plugins.CorePlugin, com.typesafe.sbt.SbtNativePackager, sbt.plugins.InteractionServicePlugin, sbt.plugins.SendEventServicePlugin, sbt.plugins.SerializersPlugin, sbt.plugins.IvyPlugin, com.typesafe.sbt.packager.universal.UniversalPlugin) not found List(play.ebean.sbt.PlayEbean, play.sbt.PlayJava, com.typesafe.play.sbt.enhancer.PlayEnhancer, play.sbt.Play, com.typesafe.sbt.packager.archetypes.JavaServerAppPackaging, play.twirl.sbt.SbtTwirl, sbt.plugins.JvmPlugin, play.sbt.PlayNettyServer, play.sbt.PlayLayoutPlugin, play.sbt.routes.RoutesCompiler, com.typesafe.sbt.jse.SbtJsTask, com.typesafe.sbteclipse.plugin.EclipsePlugin, com.typesafe.sbt.packager.archetypes.JavaAppPackaging, sbt.plugins.JUnitXmlReportPlugin, com.typesafe.sbt.less.SbtLess, com.typesafe.sbt.jse.SbtJsEngine, com.typesafe.sbt.coffeescript.SbtCoffeeScript, sbt.plugins.BackgroundRunPlugin, com.typesafe.sbt.packager.rpm.RpmPlugin, com.typesafe.sbt.packager.windows.WindowsPlugin, com.typesafe.sbt.web.SbtWeb, com.typesafe.sbt.packager.docker.DockerPlugin, play.sbt.forkrun.PlayForkRun, com.typesafe.sbt.packager.debian.DebianPlugin, com.typesafe.sbt.packager.linux.LinuxPlugin)
  :: sorting:: found: List(sbt.plugins.CorePlugin, com.typesafe.sbt.SbtNativePackager, sbt.plugins.InteractionServicePlugin, sbt.plugins.SendEventServicePlugin, sbt.plugins.SerializersPlugin, sbt.plugins.IvyPlugin, com.typesafe.sbt.packager.universal.UniversalPlugin, sbt.plugins.JvmPlugin, com.typesafe.sbt.packager.windows.WindowsPlugin, com.typesafe.sbt.packager.docker.DockerPlugin, com.typesafe.sbt.packager.linux.LinuxPlugin) not found List(play.ebean.sbt.PlayEbean, play.sbt.PlayJava, com.typesafe.play.sbt.enhancer.PlayEnhancer, play.sbt.Play, com.typesafe.sbt.packager.archetypes.JavaServerAppPackaging, play.twirl.sbt.SbtTwirl, play.sbt.PlayNettyServer, play.sbt.PlayLayoutPlugin, play.sbt.routes.RoutesCompiler, com.typesafe.sbt.jse.SbtJsTask, com.typesafe.sbteclipse.plugin.EclipsePlugin, com.typesafe.sbt.packager.archetypes.JavaAppPackaging, sbt.plugins.JUnitXmlReportPlugin, com.typesafe.sbt.less.SbtLess, com.typesafe.sbt.jse.SbtJsEngine, com.typesafe.sbt.coffeescript.SbtCoffeeScript, sbt.plugins.BackgroundRunPlugin, com.typesafe.sbt.packager.rpm.RpmPlugin, com.typesafe.sbt.web.SbtWeb, play.sbt.forkrun.PlayForkRun, com.typesafe.sbt.packager.debian.DebianPlugin)
  :: sorting:: found: List(sbt.plugins.CorePlugin, com.typesafe.sbt.SbtNativePackager, sbt.plugins.InteractionServicePlugin, sbt.plugins.SendEventServicePlugin, sbt.plugins.SerializersPlugin, sbt.plugins.IvyPlugin, com.typesafe.sbt.packager.universal.UniversalPlugin, sbt.plugins.JvmPlugin, com.typesafe.sbt.packager.windows.WindowsPlugin, com.typesafe.sbt.packager.docker.DockerPlugin, com.typesafe.sbt.packager.linux.LinuxPlugin, com.typesafe.play.sbt.enhancer.PlayEnhancer, play.twirl.sbt.SbtTwirl, play.sbt.routes.RoutesCompiler, com.typesafe.sbteclipse.plugin.EclipsePlugin, sbt.plugins.JUnitXmlReportPlugin, sbt.plugins.BackgroundRunPlugin, com.typesafe.sbt.packager.rpm.RpmPlugin, com.typesafe.sbt.web.SbtWeb, com.typesafe.sbt.packager.debian.DebianPlugin) not found List(play.ebean.sbt.PlayEbean, play.sbt.PlayJava, play.sbt.Play, com.typesafe.sbt.packager.archetypes.JavaServerAppPackaging, play.sbt.PlayNettyServer, play.sbt.PlayLayoutPlugin, com.typesafe.sbt.jse.SbtJsTask, com.typesafe.sbt.packager.archetypes.JavaAppPackaging, com.typesafe.sbt.less.SbtLess, com.typesafe.sbt.jse.SbtJsEngine, com.typesafe.sbt.coffeescript.SbtCoffeeScript, play.sbt.forkrun.PlayForkRun)
  :: sorting:: found: List(sbt.plugins.CorePlugin, com.typesafe.sbt.SbtNativePackager, sbt.plugins.InteractionServicePlugin, sbt.plugins.SendEventServicePlugin, sbt.plugins.SerializersPlugin, sbt.plugins.IvyPlugin, com.typesafe.sbt.packager.universal.UniversalPlugin, sbt.plugins.JvmPlugin, com.typesafe.sbt.packager.windows.WindowsPlugin, com.typesafe.sbt.packager.docker.DockerPlugin, com.typesafe.sbt.packager.linux.LinuxPlugin, com.typesafe.play.sbt.enhancer.PlayEnhancer, play.twirl.sbt.SbtTwirl, play.sbt.routes.RoutesCompiler, com.typesafe.sbteclipse.plugin.EclipsePlugin, sbt.plugins.JUnitXmlReportPlugin, sbt.plugins.BackgroundRunPlugin, com.typesafe.sbt.packager.rpm.RpmPlugin, com.typesafe.sbt.web.SbtWeb, com.typesafe.sbt.packager.debian.DebianPlugin, play.ebean.sbt.PlayEbean, com.typesafe.sbt.packager.archetypes.JavaAppPackaging, com.typesafe.sbt.jse.SbtJsEngine) not found List(play.sbt.PlayJava, play.sbt.Play, com.typesafe.sbt.packager.archetypes.JavaServerAppPackaging, play.sbt.PlayNettyServer, play.sbt.PlayLayoutPlugin, com.typesafe.sbt.jse.SbtJsTask, com.typesafe.sbt.less.SbtLess, com.typesafe.sbt.coffeescript.SbtCoffeeScript, play.sbt.forkrun.PlayForkRun)
  :: sorting:: found: List(sbt.plugins.CorePlugin, com.typesafe.sbt.SbtNativePackager, sbt.plugins.InteractionServicePlugin, sbt.plugins.SendEventServicePlugin, sbt.plugins.SerializersPlugin, sbt.plugins.IvyPlugin, com.typesafe.sbt.packager.universal.UniversalPlugin, sbt.plugins.JvmPlugin, com.typesafe.sbt.packager.windows.WindowsPlugin, com.typesafe.sbt.packager.docker.DockerPlugin, com.typesafe.sbt.packager.linux.LinuxPlugin, com.typesafe.play.sbt.enhancer.PlayEnhancer, play.twirl.sbt.SbtTwirl, play.sbt.routes.RoutesCompiler, com.typesafe.sbteclipse.plugin.EclipsePlugin, sbt.plugins.JUnitXmlReportPlugin, sbt.plugins.BackgroundRunPlugin, com.typesafe.sbt.packager.rpm.RpmPlugin, com.typesafe.sbt.web.SbtWeb, com.typesafe.sbt.packager.debian.DebianPlugin, play.ebean.sbt.PlayEbean, com.typesafe.sbt.packager.archetypes.JavaAppPackaging, com.typesafe.sbt.jse.SbtJsEngine, com.typesafe.sbt.packager.archetypes.JavaServerAppPackaging, com.typesafe.sbt.jse.SbtJsTask) not found List(play.sbt.PlayJava, play.sbt.Play, play.sbt.PlayNettyServer, play.sbt.PlayLayoutPlugin, com.typesafe.sbt.less.SbtLess, com.typesafe.sbt.coffeescript.SbtCoffeeScript, play.sbt.forkrun.PlayForkRun)
  :: sorting:: found: List(sbt.plugins.CorePlugin, com.typesafe.sbt.SbtNativePackager, sbt.plugins.InteractionServicePlugin, sbt.plugins.SendEventServicePlugin, sbt.plugins.SerializersPlugin, sbt.plugins.IvyPlugin, com.typesafe.sbt.packager.universal.UniversalPlugin, sbt.plugins.JvmPlugin, com.typesafe.sbt.packager.windows.WindowsPlugin, com.typesafe.sbt.packager.docker.DockerPlugin, com.typesafe.sbt.packager.linux.LinuxPlugin, com.typesafe.play.sbt.enhancer.PlayEnhancer, play.twirl.sbt.SbtTwirl, play.sbt.routes.RoutesCompiler, com.typesafe.sbteclipse.plugin.EclipsePlugin, sbt.plugins.JUnitXmlReportPlugin, sbt.plugins.BackgroundRunPlugin, com.typesafe.sbt.packager.rpm.RpmPlugin, com.typesafe.sbt.web.SbtWeb, com.typesafe.sbt.packager.debian.DebianPlugin, play.ebean.sbt.PlayEbean, com.typesafe.sbt.packager.archetypes.JavaAppPackaging, com.typesafe.sbt.jse.SbtJsEngine, com.typesafe.sbt.packager.archetypes.JavaServerAppPackaging, com.typesafe.sbt.jse.SbtJsTask, play.sbt.Play, com.typesafe.sbt.less.SbtLess, com.typesafe.sbt.coffeescript.SbtCoffeeScript) not found List(play.sbt.PlayJava, play.sbt.PlayNettyServer, play.sbt.PlayLayoutPlugin, play.sbt.forkrun.PlayForkRun)
  :: sorting:: found: List(sbt.plugins.CorePlugin, com.typesafe.sbt.SbtNativePackager, sbt.plugins.InteractionServicePlugin, sbt.plugins.SendEventServicePlugin, sbt.plugins.SerializersPlugin, sbt.plugins.IvyPlugin, com.typesafe.sbt.packager.universal.UniversalPlugin, sbt.plugins.JvmPlugin, com.typesafe.sbt.packager.windows.WindowsPlugin, com.typesafe.sbt.packager.docker.DockerPlugin, com.typesafe.sbt.packager.linux.LinuxPlugin, com.typesafe.play.sbt.enhancer.PlayEnhancer, play.twirl.sbt.SbtTwirl, play.sbt.routes.RoutesCompiler, com.typesafe.sbteclipse.plugin.EclipsePlugin, sbt.plugins.JUnitXmlReportPlugin, sbt.plugins.BackgroundRunPlugin, com.typesafe.sbt.packager.rpm.RpmPlugin, com.typesafe.sbt.web.SbtWeb, com.typesafe.sbt.packager.debian.DebianPlugin, play.ebean.sbt.PlayEbean, com.typesafe.sbt.packager.archetypes.JavaAppPackaging, com.typesafe.sbt.jse.SbtJsEngine, com.typesafe.sbt.packager.archetypes.JavaServerAppPackaging, com.typesafe.sbt.jse.SbtJsTask, play.sbt.Play, com.typesafe.sbt.less.SbtLess, com.typesafe.sbt.coffeescript.SbtCoffeeScript, play.sbt.PlayJava, play.sbt.PlayNettyServer, play.sbt.PlayLayoutPlugin, play.sbt.forkrun.PlayForkRun) not found List()
  :: sorted deduced result: List(sbt.plugins.CorePlugin, com.typesafe.sbt.SbtNativePackager, sbt.plugins.InteractionServicePlugin, sbt.plugins.SendEventServicePlugin, sbt.plugins.SerializersPlugin, sbt.plugins.IvyPlugin, com.typesafe.sbt.packager.universal.UniversalPlugin, sbt.plugins.JvmPlugin, com.typesafe.sbt.packager.windows.WindowsPlugin, com.typesafe.sbt.packager.docker.DockerPlugin, com.typesafe.sbt.packager.linux.LinuxPlugin, com.typesafe.play.sbt.enhancer.PlayEnhancer, play.twirl.sbt.SbtTwirl, play.sbt.routes.RoutesCompiler, com.typesafe.sbteclipse.plugin.EclipsePlugin, sbt.plugins.JUnitXmlReportPlugin, sbt.plugins.BackgroundRunPlugin, com.typesafe.sbt.packager.rpm.RpmPlugin, com.typesafe.sbt.web.SbtWeb, com.typesafe.sbt.packager.debian.DebianPlugin, play.ebean.sbt.PlayEbean, com.typesafe.sbt.packager.archetypes.JavaAppPackaging, com.typesafe.sbt.jse.SbtJsEngine, com.typesafe.sbt.packager.archetypes.JavaServerAppPackaging, com.typesafe.sbt.jse.SbtJsTask, play.sbt.Play, com.typesafe.sbt.less.SbtLess, com.typesafe.sbt.coffeescript.SbtCoffeeScript, play.sbt.PlayJava, play.sbt.PlayNettyServer, play.sbt.PlayLayoutPlugin, play.sbt.forkrun.PlayForkRun)
[Loading] Done in /home/shishir/NetBeansProjects/codeJam, returning: (root)
Set current project to codeJam (in build file:/home/shishir/NetBeansProjects/codeJam/)
Reapplying settings...
Set current project to codeJam (in build file:/home/shishir/NetBeansProjects/codeJam/)
> iflast shell
> server-send-ready-for-request
> server-handle-next-server-request
> compile
Evaluating tasks: compile:compile
Running task... Cancel: sbt.server.ServerTaskCancellation@6ac70eca, check cycles: false

Initial source changes: 
	removed:Set()
	added: Set()
	modified: Set()
Removed products: Set()
External API changes: API Changes: Set()
Modified binary dependencies: Set()
Initial directly invalidated sources: Set()

Sources indirectly invalidated by:
	product: Set()
	binary dep: Set()
	external source: Set()
All initially invalidated sources: Set()

Total time: 2 s, completed 27 Sep, 2016 7:03:24 PM
> server-post-command-cleanup
> server-handle-next-server-request
> {file:/home/shishir/NetBeansProjects/codeJam/}root/compile:discoveredMainClasses
Evaluating tasks: compile:discoveredMainClasses
Running task... Cancel: sbt.server.ServerTaskCancellation@23adb19b, check cycles: false

Initial source changes: 
	removed:Set()
	added: Set()
	modified: Set()
Removed products: Set()
External API changes: API Changes: Set()
Modified binary dependencies: Set()
Initial directly invalidated sources: Set()

Sources indirectly invalidated by:
	product: Set()
	binary dep: Set()
	external source: Set()
All initially invalidated sources: Set()

Total time: 2 s, completed 27 Sep, 2016 7:03:26 PM
> server-post-command-cleanup
> server-handle-next-server-request
> {file:/home/shishir/NetBeansProjects/codeJam/}root/compile:mainClass
Evaluating tasks: compile:mainClass
Running task... Cancel: sbt.server.ServerTaskCancellation@580591b7, check cycles: false
Total time: 0 s, completed 27 Sep, 2016 7:03:26 PM
> server-post-command-cleanup
> server-handle-next-server-request
> {file:/home/shishir/NetBeansProjects/codeJam/}root/compile:discoveredMainClasses
Evaluating tasks: compile:discoveredMainClasses
Running task... Cancel: sbt.server.ServerTaskCancellation@3c6a167c, check cycles: false

Initial source changes: 
	removed:Set()
	added: Set()
	modified: Set()
Removed products: Set()
External API changes: API Changes: Set()
Modified binary dependencies: Set()
Initial directly invalidated sources: Set()

Sources indirectly invalidated by:
	product: Set()
	binary dep: Set()
	external source: Set()
All initially invalidated sources: Set()

Total time: 2 s, completed 27 Sep, 2016 7:03:28 PM
> server-post-command-cleanup
> server-handle-next-server-request
> backgroundRun
Evaluating tasks: compile:backgroundRun
Running task... Cancel: sbt.server.ServerTaskCancellation@20c01803, check cycles: false
Total time: 0 s, completed 27 Sep, 2016 7:03:32 PM
> server-post-command-cleanup
> server-handle-next-server-request
> {file:/home/shishir/NetBeansProjects/codeJam/}root/*:playForkConfig
Evaluating tasks: *:playForkConfig
Running task... Cancel: sbt.server.ServerTaskCancellation@2f78f8fd, check cycles: false
Total time: 1 s, completed 27 Sep, 2016 7:03:35 PM
> server-post-command-cleanup
> server-handle-next-server-request
> root/playForkNotifyStart http://localhost:9000
Evaluating tasks: *:playForkNotifyStart
Running task... Cancel: sbt.server.ServerTaskCancellation@716cbe9e, check cycles: false
Total time: 0 s, completed 27 Sep, 2016 7:03:37 PM
> server-post-command-cleanup
> server-handle-next-server-request
> {file:/home/shishir/NetBeansProjects/codeJam/}root/*:playForkReload
Evaluating tasks: *:playForkReload
Running task... Cancel: sbt.server.ServerTaskCancellation@45d4d5b8, check cycles: false

Initial source changes: 
	removed:Set()
	added: Set()
	modified: Set()
Removed products: Set()
External API changes: API Changes: Set()
Modified binary dependencies: Set()
Initial directly invalidated sources: Set()

Sources indirectly invalidated by:
	product: Set()
	binary dep: Set()
	external source: Set()
All initially invalidated sources: Set()

Copy resource mappings: 
	(/home/shishir/NetBeansProjects/codeJam/conf/routes,/home/shishir/NetBeansProjects/codeJam/target/scala-2.10/classes/routes)
	(/home/shishir/NetBeansProjects/codeJam/conf/mail.conf.example,/home/shishir/NetBeansProjects/codeJam/target/scala-2.10/classes/mail.conf.example)
	(/home/shishir/NetBeansProjects/codeJam/conf/messages.en,/home/shishir/NetBeansProjects/codeJam/target/scala-2.10/classes/messages.en)
	(/home/shishir/NetBeansProjects/codeJam/conf/play.plugins,/home/shishir/NetBeansProjects/codeJam/target/scala-2.10/classes/play.plugins)
	(/home/shishir/NetBeansProjects/codeJam/conf/cloudbees.conf,/home/shishir/NetBeansProjects/codeJam/target/scala-2.10/classes/cloudbees.conf)
	(/home/shishir/NetBeansProjects/codeJam/conf/application.conf,/home/shishir/NetBeansProjects/codeJam/target/scala-2.10/classes/application.conf)
	(/home/shishir/NetBeansProjects/codeJam/conf/messages.fr,/home/shishir/NetBeansProjects/codeJam/target/scala-2.10/classes/messages.fr)
	(/home/shishir/NetBeansProjects/codeJam/conf/evolutions,/home/shishir/NetBeansProjects/codeJam/target/scala-2.10/classes/evolutions)
	(/home/shishir/NetBeansProjects/codeJam/conf/evolutions/default,/home/shishir/NetBeansProjects/codeJam/target/scala-2.10/classes/evolutions/default)
	(/home/shishir/NetBeansProjects/codeJam/conf/evolutions/default/1.sql,/home/shishir/NetBeansProjects/codeJam/target/scala-2.10/classes/evolutions/default/1.sql)
Total time: 4 s, completed 27 Sep, 2016 7:03:46 PM
> server-post-command-cleanup
> server-handle-next-server-request
> {file:/home/shishir/NetBeansProjects/codeJam/}root/*:playForkReload
Evaluating tasks: *:playForkReload
Running task... Cancel: sbt.server.ServerTaskCancellation@242c1c05, check cycles: false

Initial source changes: 
	removed:Set()
	added: Set()
	modified: Set()
Removed products: Set()
External API changes: API Changes: Set()
Modified binary dependencies: Set()
Initial directly invalidated sources: Set()

Sources indirectly invalidated by:
	product: Set()
	binary dep: Set()
	external source: Set()
All initially invalidated sources: Set()

Copy resource mappings: 
	(/home/shishir/NetBeansProjects/codeJam/conf/routes,/home/shishir/NetBeansProjects/codeJam/target/scala-2.10/classes/routes)
	(/home/shishir/NetBeansProjects/codeJam/conf/mail.conf.example,/home/shishir/NetBeansProjects/codeJam/target/scala-2.10/classes/mail.conf.example)
	(/home/shishir/NetBeansProjects/codeJam/conf/messages.en,/home/shishir/NetBeansProjects/codeJam/target/scala-2.10/classes/messages.en)
	(/home/shishir/NetBeansProjects/codeJam/conf/play.plugins,/home/shishir/NetBeansProjects/codeJam/target/scala-2.10/classes/play.plugins)
	(/home/shishir/NetBeansProjects/codeJam/conf/cloudbees.conf,/home/shishir/NetBeansProjects/codeJam/target/scala-2.10/classes/cloudbees.conf)
	(/home/shishir/NetBeansProjects/codeJam/conf/application.conf,/home/shishir/NetBeansProjects/codeJam/target/scala-2.10/classes/application.conf)
	(/home/shishir/NetBeansProjects/codeJam/conf/messages.fr,/home/shishir/NetBeansProjects/codeJam/target/scala-2.10/classes/messages.fr)
	(/home/shishir/NetBeansProjects/codeJam/conf/evolutions,/home/shishir/NetBeansProjects/codeJam/target/scala-2.10/classes/evolutions)
	(/home/shishir/NetBeansProjects/codeJam/conf/evolutions/default,/home/shishir/NetBeansProjects/codeJam/target/scala-2.10/classes/evolutions/default)
	(/home/shishir/NetBeansProjects/codeJam/conf/evolutions/default/1.sql,/home/shishir/NetBeansProjects/codeJam/target/scala-2.10/classes/evolutions/default/1.sql)
Total time: 2 s, completed 27 Sep, 2016 7:04:03 PM
> server-post-command-cleanup
> server-handle-next-server-request
> compile
Evaluating tasks: compile:compile
Running task... Cancel: sbt.server.ServerTaskCancellation@5958d762, check cycles: false

Initial source changes: 
	removed:Set()
	added: Set()
	modified: Set(/home/shishir/NetBeansProjects/codeJam/app/models/Questions.java)
Removed products: Set()
External API changes: API Changes: Set()
Modified binary dependencies: Set()
Initial directly invalidated sources: Set(/home/shishir/NetBeansProjects/codeJam/app/models/Questions.java)

Sources indirectly invalidated by:
	product: Set()
	binary dep: Set()
	external source: Set()
All initially invalidated sources: Set(/home/shishir/NetBeansProjects/codeJam/app/models/Questions.java)

Read from stdout: Compiling 1 Java source to /home/shishir/NetBeansProjects/codeJam/target/scala-2.10/classes...
Compiling 1 Java source to /home/shishir/NetBeansProjects/codeJam/target/scala-2.10/classes...
Attempting to call com.sun.tools.javac.api.JavacTool@2991941a directly...
Read from stdout: /home/shishir/NetBeansProjects/codeJam/app/models/Questions.java:44: cannot find symbol
Read from stdout: symbol:   variable question
Read from stdout: location: class models.Questions
/home/shishir/NetBeansProjects/codeJam/app/models/Questions.java:44: cannot find symbol
  symbol:   variable question
  location: class models.Questions
Read from stdout: Questions.find.byId(id).question
Questions.find.byId(id).question
Read from stdout: /home/shishir/NetBeansProjects/codeJam/app/models/Questions.java: /home/shishir/NetBeansProjects/codeJam/app/models/Questions.java uses or overrides a deprecated API.
/home/shishir/NetBeansProjects/codeJam/app/models/Questions.java: /home/shishir/NetBeansProjects/codeJam/app/models/Questions.java uses or overrides a deprecated API.
Read from stdout: /home/shishir/NetBeansProjects/codeJam/app/models/Questions.java: Recompile with -Xlint:deprecation for details.
/home/shishir/NetBeansProjects/codeJam/app/models/Questions.java: Recompile with -Xlint:deprecation for details.
Read from stdout: (compile:compileIncremental) javac returned nonzero exit code
(compile:compileIncremental) javac returned nonzero exit code
Total time: 4 s, completed 27 Sep, 2016 7:05:08 PM
> server-post-command-error-handler
> server-post-command-cleanup
> server-handle-next-server-request
> {file:/home/shishir/NetBeansProjects/codeJam/}root/*:playForkReload
Evaluating tasks: *:playForkReload
Running task... Cancel: sbt.server.ServerTaskCancellation@60388ce4, check cycles: false

Initial source changes: 
	removed:Set()
	added: Set()
	modified: Set(/home/shishir/NetBeansProjects/codeJam/app/models/Questions.java, /home/shishir/NetBeansProjects/codeJam/target/scala-2.10/twirl/main/views/html/dashboard/index.template.scala)
Removed products: Set()
External API changes: API Changes: Set()
Modified binary dependencies: Set()
Initial directly invalidated sources: Set(/home/shishir/NetBeansProjects/codeJam/app/models/Questions.java, /home/shishir/NetBeansProjects/codeJam/target/scala-2.10/twirl/main/views/html/dashboard/index.template.scala)

Sources indirectly invalidated by:
	product: Set()
	binary dep: Set()
	external source: Set()
All initially invalidated sources: Set(/home/shishir/NetBeansProjects/codeJam/app/models/Questions.java, /home/shishir/NetBeansProjects/codeJam/target/scala-2.10/twirl/main/views/html/dashboard/index.template.scala)

Read from stdout: Compiling 1 Scala source and 1 Java source to /home/shishir/NetBeansProjects/codeJam/target/scala-2.10/classes...
Compiling 1 Scala source and 1 Java source to /home/shishir/NetBeansProjects/codeJam/target/scala-2.10/classes...
Getting compiler-interface from component compiler for Scala 2.10.5
Other repositories:
Default repositories:
Getting compiler-interface from component compiler for Scala 2.10.5
Other repositories:
Default repositories:
Running cached compiler b9767e3, interfacing (CompilerInterface) with Scala compiler version 2.10.5
Calling Scala compiler with arguments  (CompilerInterface):
	-deprecation
	-unchecked
	-encoding
	utf8
	-bootclasspath
	/usr/lib/jvm/java-8-oracle/jre/lib/resources.jar:/usr/lib/jvm/java-8-oracle/jre/lib/rt.jar:/usr/lib/jvm/java-8-oracle/jre/lib/sunrsasign.jar:/usr/lib/jvm/java-8-oracle/jre/lib/jsse.jar:/usr/lib/jvm/java-8-oracle/jre/lib/jce.jar:/usr/lib/jvm/java-8-oracle/jre/lib/charsets.jar:/usr/lib/jvm/java-8-oracle/jre/lib/jfr.jar:/usr/lib/jvm/java-8-oracle/jre/classes:/home/shishir/activator-dist-1.3.10/repository/org.scala-lang/scala-library/2.10.5/jars/scala-library.jar
	-classpath
	/home/shishir/NetBeansProjects/codeJam/target/scala-2.10/classes:/home/shishir/activator-dist-1.3.10/repository/com.typesafe.play/play-enhancer/1.1.0/jars/play-enhancer.jar:/home/shishir/activator-dist-1.3.10/repository/com.typesafe.play/twirl-api_2.10/1.1.1/jars/twirl-api_2.10.jar:/home/shishir/activator-dist-1.3.10/repository/org.apache.commons/commons-lang3/3.4/jars/commons-lang3.jar:/home/shishir/.ivy2/cache/com.typesafe.play/play-ebean_2.10/jars/play-ebean_2.10-1.0.0.jar:/home/shishir/.ivy2/cache/com.typesafe.play/play-java-jdbc_2.10/jars/play-java-jdbc_2.10-2.4.0.jar:/home/shishir/.ivy2/cache/com.typesafe.play/play-jdbc_2.10/jars/play-jdbc_2.10-2.4.6.jar:/home/shishir/.ivy2/cache/com.typesafe.play/play-jdbc-api_2.10/jars/play-jdbc-api_2.10-2.4.6.jar:/home/shishir/.ivy2/cache/com.typesafe.play/play_2.10/jars/play_2.10-2.4.6.jar:/home/shishir/.ivy2/cache/com.typesafe.play/build-link/jars/build-link-2.4.6.jar:/home/shishir/.ivy2/cache/com.typesafe.play/play-exceptions/jars/play-exceptions-2.4.6.jar:/home/shishir/activator-dist-1.3.10/repository/org.javassist/javassist/3.19.0-GA/bundles/javassist.jar:/home/shishir/.ivy2/cache/com.typesafe.play/play-iteratees_2.10/jars/play-iteratees_2.10-2.4.6.jar:/home/shishir/activator-dist-1.3.10/repository/org.scala-stm/scala-stm_2.10/0.7/jars/scala-stm_2.10.jar:/home/shishir/activator-dist-1.3.10/repository/com.typesafe/config/1.3.0/bundles/config.jar:/home/shishir/.ivy2/cache/com.typesafe.play/play-json_2.10/jars/play-json_2.10-2.4.6.jar:/home/shishir/.ivy2/cache/com.typesafe.play/play-functional_2.10/jars/play-functional_2.10-2.4.6.jar:/home/shishir/.ivy2/cache/com.typesafe.play/play-datacommons_2.10/jars/play-datacommons_2.10-2.4.6.jar:/home/shishir/activator-dist-1.3.10/repository/joda-time/joda-time/2.8.1/jars/joda-time.jar:/home/shishir/activator-dist-1.3.10/repository/org.joda/joda-convert/1.7/jars/joda-convert.jar:/home/shishir/activator-dist-1.3.10/repository/org.scala-lang/scala-reflect/2.10.5/jars/scala-reflect.jar:/home/shishir/activator-dist-1.3.10/repository/com.fasterxml.jackson.core/jackson-core/2.5.4/bundles/jackson-core.jar:/home/shishir/activator-dist-1.3.10/repository/com.fasterxml.jackson.core/jackson-annotations/2.5.4/bundles/jackson-annotations.jar:/home/shishir/activator-dist-1.3.10/repository/com.fasterxml.jackson.core/jackson-databind/2.5.4/bundles/jackson-databind.jar:/home/shishir/activator-dist-1.3.10/repository/com.fasterxml.jackson.datatype/jackson-datatype-jdk8/2.5.4/bundles/jackson-datatype-jdk8.jar:/home/shishir/activator-dist-1.3.10/repository/com.fasterxml.jackson.datatype/jackson-datatype-jsr310/2.5.4/bundles/jackson-datatype-jsr310.jar:/home/shishir/.ivy2/cache/com.typesafe.play/play-netty-utils/jars/play-netty-utils-2.4.6.jar:/home/shishir/activator-dist-1.3.10/repository/org.slf4j/slf4j-api/1.7.12/jars/slf4j-api.jar:/home/shishir/activator-dist-1.3.10/repository/org.slf4j/jul-to-slf4j/1.7.12/jars/jul-to-slf4j.jar:/home/shishir/activator-dist-1.3.10/repository/org.slf4j/jcl-over-slf4j/1.7.12/jars/jcl-over-slf4j.jar:/home/shishir/activator-dist-1.3.10/repository/ch.qos.logback/logback-core/1.1.3/jars/logback-core.jar:/home/shishir/activator-dist-1.3.10/repository/ch.qos.logback/logback-classic/1.1.3/jars/logback-classic.jar:/home/shishir/.ivy2/cache/com.typesafe.akka/akka-actor_2.10/jars/akka-actor_2.10-2.3.13.jar:/home/shishir/.ivy2/cache/com.typesafe.akka/akka-slf4j_2.10/jars/akka-slf4j_2.10-2.3.13.jar:/home/shishir/activator-dist-1.3.10/repository/commons-codec/commons-codec/1.10/jars/commons-codec.jar:/home/shishir/.ivy2/cache/xerces/xercesImpl/jars/xercesImpl-2.11.0.jar:/home/shishir/.ivy2/cache/xml-apis/xml-apis/jars/xml-apis-1.4.01.jar:/home/shishir/.ivy2/cache/javax.transaction/jta/jars/jta-1.1.jar:/home/shishir/activator-dist-1.3.10/repository/com.google.inject/guice/4.0/jars/guice.jar:/home/shishir/activator-dist-1.3.10/repository/javax.inject/javax.inject/1/jars/javax.inject.jar:/home/shishir/activator-dist-1.3.10/repository/aopalliance/aopalliance/1.0/jars/aopalliance.jar:/home/shishir/activator-dist-1.3.10/repository/com.google.inject.extensions/guice-assistedinject/4.0/jars/guice-assistedinject.jar:/home/shishir/activator-dist-1.3.10/repository/com.jolbox/bonecp/0.8.0.RELEASE/bundles/bonecp.jar:/home/shishir/activator-dist-1.3.10/repository/com.zaxxer/HikariCP/2.3.7/bundles/HikariCP.jar:/home/shishir/activator-dist-1.3.10/repository/com.h2database/h2/1.4.187/jars/h2.jar:/home/shishir/activator-dist-1.3.10/repository/tyrex/tyrex/1.0.1/jars/tyrex.jar:/home/shishir/.ivy2/cache/com.typesafe.play/play-java_2.10/jars/play-java_2.10-2.4.6.jar:/home/shishir/.ivy2/cache/org.scala-lang.modules/scala-java8-compat_2.10/bundles/scala-java8-compat_2.10-0.3.0.jar:/home/shishir/activator-dist-1.3.10/repository/org.yaml/snakeyaml/1.15/bundles/snakeyaml.jar:/home/shishir/activator-dist-1.3.10/repository/org.hibernate/hibernate-validator/5.0.3.Final/jars/hibernate-validator.jar:/home/shishir/activator-dist-1.3.10/repository/javax.validation/validation-api/1.1.0.Final/jars/validation-api.jar:/home/shishir/activator-dist-1.3.10/repository/com.fasterxml/classmate/1.0.0/bundles/classmate.jar:/home/shishir/activator-dist-1.3.10/repository/org.jboss.logging/jboss-logging/3.2.1.Final/jars/jboss-logging.jar:/home/shishir/activator-dist-1.3.10/repository/org.springframework/spring-context/4.1.6.RELEASE/jars/spring-context.jar:/home/shishir/activator-dist-1.3.10/repository/org.springframework/spring-core/4.1.6.RELEASE/jars/spring-core.jar:/home/shishir/activator-dist-1.3.10/repository/org.springframework/spring-beans/4.1.6.RELEASE/jars/spring-beans.jar:/home/shishir/activator-dist-1.3.10/repository/org.reflections/reflections/0.9.9/jars/reflections.jar:/home/shishir/activator-dist-1.3.10/repository/net.jodah/typetools/0.4.3/bundles/typetools.jar:/home/shishir/activator-dist-1.3.10/repository/com.google.guava/guava/18.0/bundles/guava.jar:/home/shishir/activator-dist-1.3.10/repository/com.google.code.findbugs/jsr305/2.0.3/jars/jsr305.jar:/home/shishir/activator-dist-1.3.10/repository/org.apache.tomcat/tomcat-servlet-api/8.0.21/jars/tomcat-servlet-api.jar:/home/shishir/.ivy2/cache/com.typesafe.play/play-jdbc-evolutions_2.10/jars/play-jdbc-evolutions_2.10-2.4.0.jar:/home/shishir/.ivy2/cache/org.avaje.ebeanorm/avaje-ebeanorm/jars/avaje-ebeanorm-4.6.2.jar:/home/shishir/.ivy2/cache/javax.persistence/persistence-api/jars/persistence-api-1.0.jar:/home/shishir/.ivy2/cache/org.avaje.ebeanorm/avaje-ebeanorm-agent/jars/avaje-ebeanorm-agent-4.5.3.jar:/home/shishir/.ivy2/cache/com.typesafe.play/play-server_2.10/jars/play-server_2.10-2.4.6.jar:/home/shishir/.ivy2/cache/com.typesafe.play/play-netty-server_2.10/jars/play-netty-server_2.10-2.4.6.jar:/home/shishir/activator-dist-1.3.10/repository/io.netty/netty/3.10.4.Final/bundles/netty.jar:/home/shishir/activator-dist-1.3.10/repository/com.typesafe.netty/netty-http-pipelining/1.1.4/jars/netty-http-pipelining.jar:/home/shishir/.ivy2/cache/com.typesafe.play/play-cache_2.10/jars/play-cache_2.10-2.4.6.jar:/home/shishir/activator-dist-1.3.10/repository/net.sf.ehcache/ehcache-core/2.6.11/jars/ehcache-core.jar:/home/shishir/.ivy2/cache/org.mindrot/jbcrypt/jars/jbcrypt-0.3m.jar:/home/shishir/.ivy2/cache/com.typesafe.play/play-mailer_2.10/jars/play-mailer_2.10-3.0.1.jar:/home/shishir/.ivy2/cache/org.apache.commons/commons-email/jars/commons-email-1.3.3.jar:/home/shishir/.ivy2/cache/javax.mail/mail/jars/mail-1.4.5.jar:/home/shishir/.ivy2/cache/javax.activation/activation/jars/activation-1.1.1.jar:/home/shishir/.ivy2/cache/com.typesafe.play/filters-helpers_2.10/jars/filters-helpers_2.10-2.4.6.jar:/home/shishir/.ivy2/cache/org.postgresql/postgresql/bundles/postgresql-9.4.1211.jre7.jar
Scala compilation took 8.203547704 s
Attempting to call com.sun.tools.javac.api.JavacTool@66239da2 directly...
Read from stdout: /home/shishir/NetBeansProjects/codeJam/app/models/Questions.java:44: cannot find symbol
Read from stdout: symbol:   variable question
Read from stdout: location: class models.Questions
/home/shishir/NetBeansProjects/codeJam/app/models/Questions.java:44: cannot find symbol
  symbol:   variable question
  location: class models.Questions
Read from stdout: Questions.find.byId(id).question
Questions.find.byId(id).question
Read from stdout: /home/shishir/NetBeansProjects/codeJam/app/models/Questions.java: /home/shishir/NetBeansProjects/codeJam/app/models/Questions.java uses or overrides a deprecated API.
/home/shishir/NetBeansProjects/codeJam/app/models/Questions.java: /home/shishir/NetBeansProjects/codeJam/app/models/Questions.java uses or overrides a deprecated API.
Read from stdout: /home/shishir/NetBeansProjects/codeJam/app/models/Questions.java: Recompile with -Xlint:deprecation for details.
/home/shishir/NetBeansProjects/codeJam/app/models/Questions.java: Recompile with -Xlint:deprecation for details.
Total time: 11 s, completed 27 Sep, 2016 7:05:34 PM
> server-post-command-cleanup
> server-handle-next-server-request
> compile
Evaluating tasks: compile:compile
Running task... Cancel: sbt.server.ServerTaskCancellation@5a6bb62, check cycles: false

Initial source changes: 
	removed:Set()
	added: Set()
	modified: Set(/home/shishir/NetBeansProjects/codeJam/app/models/Questions.java, /home/shishir/NetBeansProjects/codeJam/target/scala-2.10/twirl/main/views/html/dashboard/index.template.scala)
Removed products: Set()
External API changes: API Changes: Set()
Modified binary dependencies: Set()
Initial directly invalidated sources: Set(/home/shishir/NetBeansProjects/codeJam/app/models/Questions.java, /home/shishir/NetBeansProjects/codeJam/target/scala-2.10/twirl/main/views/html/dashboard/index.template.scala)

Sources indirectly invalidated by:
	product: Set()
	binary dep: Set()
	external source: Set()
All initially invalidated sources: Set(/home/shishir/NetBeansProjects/codeJam/app/models/Questions.java, /home/shishir/NetBeansProjects/codeJam/target/scala-2.10/twirl/main/views/html/dashboard/index.template.scala)

Read from stdout: Compiling 1 Scala source and 1 Java source to /home/shishir/NetBeansProjects/codeJam/target/scala-2.10/classes...
Compiling 1 Scala source and 1 Java source to /home/shishir/NetBeansProjects/codeJam/target/scala-2.10/classes...
Getting compiler-interface from component compiler for Scala 2.10.5
Other repositories:
Default repositories:
Getting compiler-interface from component compiler for Scala 2.10.5
Other repositories:
Default repositories:
Running cached compiler 50bc6c08, interfacing (CompilerInterface) with Scala compiler version 2.10.5
Calling Scala compiler with arguments  (CompilerInterface):
	-deprecation
	-unchecked
	-encoding
	utf8
	-bootclasspath
	/usr/lib/jvm/java-8-oracle/jre/lib/resources.jar:/usr/lib/jvm/java-8-oracle/jre/lib/rt.jar:/usr/lib/jvm/java-8-oracle/jre/lib/sunrsasign.jar:/usr/lib/jvm/java-8-oracle/jre/lib/jsse.jar:/usr/lib/jvm/java-8-oracle/jre/lib/jce.jar:/usr/lib/jvm/java-8-oracle/jre/lib/charsets.jar:/usr/lib/jvm/java-8-oracle/jre/lib/jfr.jar:/usr/lib/jvm/java-8-oracle/jre/classes:/home/shishir/activator-dist-1.3.10/repository/org.scala-lang/scala-library/2.10.5/jars/scala-library.jar
	-classpath
	/home/shishir/NetBeansProjects/codeJam/target/scala-2.10/classes:/home/shishir/activator-dist-1.3.10/repository/com.typesafe.play/play-enhancer/1.1.0/jars/play-enhancer.jar:/home/shishir/activator-dist-1.3.10/repository/com.typesafe.play/twirl-api_2.10/1.1.1/jars/twirl-api_2.10.jar:/home/shishir/activator-dist-1.3.10/repository/org.apache.commons/commons-lang3/3.4/jars/commons-lang3.jar:/home/shishir/.ivy2/cache/com.typesafe.play/play-ebean_2.10/jars/play-ebean_2.10-1.0.0.jar:/home/shishir/.ivy2/cache/com.typesafe.play/play-java-jdbc_2.10/jars/play-java-jdbc_2.10-2.4.0.jar:/home/shishir/.ivy2/cache/com.typesafe.play/play-jdbc_2.10/jars/play-jdbc_2.10-2.4.6.jar:/home/shishir/.ivy2/cache/com.typesafe.play/play-jdbc-api_2.10/jars/play-jdbc-api_2.10-2.4.6.jar:/home/shishir/.ivy2/cache/com.typesafe.play/play_2.10/jars/play_2.10-2.4.6.jar:/home/shishir/.ivy2/cache/com.typesafe.play/build-link/jars/build-link-2.4.6.jar:/home/shishir/.ivy2/cache/com.typesafe.play/play-exceptions/jars/play-exceptions-2.4.6.jar:/home/shishir/activator-dist-1.3.10/repository/org.javassist/javassist/3.19.0-GA/bundles/javassist.jar:/home/shishir/.ivy2/cache/com.typesafe.play/play-iteratees_2.10/jars/play-iteratees_2.10-2.4.6.jar:/home/shishir/activator-dist-1.3.10/repository/org.scala-stm/scala-stm_2.10/0.7/jars/scala-stm_2.10.jar:/home/shishir/activator-dist-1.3.10/repository/com.typesafe/config/1.3.0/bundles/config.jar:/home/shishir/.ivy2/cache/com.typesafe.play/play-json_2.10/jars/play-json_2.10-2.4.6.jar:/home/shishir/.ivy2/cache/com.typesafe.play/play-functional_2.10/jars/play-functional_2.10-2.4.6.jar:/home/shishir/.ivy2/cache/com.typesafe.play/play-datacommons_2.10/jars/play-datacommons_2.10-2.4.6.jar:/home/shishir/activator-dist-1.3.10/repository/joda-time/joda-time/2.8.1/jars/joda-time.jar:/home/shishir/activator-dist-1.3.10/repository/org.joda/joda-convert/1.7/jars/joda-convert.jar:/home/shishir/activator-dist-1.3.10/repository/org.scala-lang/scala-reflect/2.10.5/jars/scala-reflect.jar:/home/shishir/activator-dist-1.3.10/repository/com.fasterxml.jackson.core/jackson-core/2.5.4/bundles/jackson-core.jar:/home/shishir/activator-dist-1.3.10/repository/com.fasterxml.jackson.core/jackson-annotations/2.5.4/bundles/jackson-annotations.jar:/home/shishir/activator-dist-1.3.10/repository/com.fasterxml.jackson.core/jackson-databind/2.5.4/bundles/jackson-databind.jar:/home/shishir/activator-dist-1.3.10/repository/com.fasterxml.jackson.datatype/jackson-datatype-jdk8/2.5.4/bundles/jackson-datatype-jdk8.jar:/home/shishir/activator-dist-1.3.10/repository/com.fasterxml.jackson.datatype/jackson-datatype-jsr310/2.5.4/bundles/jackson-datatype-jsr310.jar:/home/shishir/.ivy2/cache/com.typesafe.play/play-netty-utils/jars/play-netty-utils-2.4.6.jar:/home/shishir/activator-dist-1.3.10/repository/org.slf4j/slf4j-api/1.7.12/jars/slf4j-api.jar:/home/shishir/activator-dist-1.3.10/repository/org.slf4j/jul-to-slf4j/1.7.12/jars/jul-to-slf4j.jar:/home/shishir/activator-dist-1.3.10/repository/org.slf4j/jcl-over-slf4j/1.7.12/jars/jcl-over-slf4j.jar:/home/shishir/activator-dist-1.3.10/repository/ch.qos.logback/logback-core/1.1.3/jars/logback-core.jar:/home/shishir/activator-dist-1.3.10/repository/ch.qos.logback/logback-classic/1.1.3/jars/logback-classic.jar:/home/shishir/.ivy2/cache/com.typesafe.akka/akka-actor_2.10/jars/akka-actor_2.10-2.3.13.jar:/home/shishir/.ivy2/cache/com.typesafe.akka/akka-slf4j_2.10/jars/akka-slf4j_2.10-2.3.13.jar:/home/shishir/activator-dist-1.3.10/repository/commons-codec/commons-codec/1.10/jars/commons-codec.jar:/home/shishir/.ivy2/cache/xerces/xercesImpl/jars/xercesImpl-2.11.0.jar:/home/shishir/.ivy2/cache/xml-apis/xml-apis/jars/xml-apis-1.4.01.jar:/home/shishir/.ivy2/cache/javax.transaction/jta/jars/jta-1.1.jar:/home/shishir/activator-dist-1.3.10/repository/com.google.inject/guice/4.0/jars/guice.jar:/home/shishir/activator-dist-1.3.10/repository/javax.inject/javax.inject/1/jars/javax.inject.jar:/home/shishir/activator-dist-1.3.10/repository/aopalliance/aopalliance/1.0/jars/aopalliance.jar:/home/shishir/activator-dist-1.3.10/repository/com.google.inject.extensions/guice-assistedinject/4.0/jars/guice-assistedinject.jar:/home/shishir/activator-dist-1.3.10/repository/com.jolbox/bonecp/0.8.0.RELEASE/bundles/bonecp.jar:/home/shishir/activator-dist-1.3.10/repository/com.zaxxer/HikariCP/2.3.7/bundles/HikariCP.jar:/home/shishir/activator-dist-1.3.10/repository/com.h2database/h2/1.4.187/jars/h2.jar:/home/shishir/activator-dist-1.3.10/repository/tyrex/tyrex/1.0.1/jars/tyrex.jar:/home/shishir/.ivy2/cache/com.typesafe.play/play-java_2.10/jars/play-java_2.10-2.4.6.jar:/home/shishir/.ivy2/cache/org.scala-lang.modules/scala-java8-compat_2.10/bundles/scala-java8-compat_2.10-0.3.0.jar:/home/shishir/activator-dist-1.3.10/repository/org.yaml/snakeyaml/1.15/bundles/snakeyaml.jar:/home/shishir/activator-dist-1.3.10/repository/org.hibernate/hibernate-validator/5.0.3.Final/jars/hibernate-validator.jar:/home/shishir/activator-dist-1.3.10/repository/javax.validation/validation-api/1.1.0.Final/jars/validation-api.jar:/home/shishir/activator-dist-1.3.10/repository/com.fasterxml/classmate/1.0.0/bundles/classmate.jar:/home/shishir/activator-dist-1.3.10/repository/org.jboss.logging/jboss-logging/3.2.1.Final/jars/jboss-logging.jar:/home/shishir/activator-dist-1.3.10/repository/org.springframework/spring-context/4.1.6.RELEASE/jars/spring-context.jar:/home/shishir/activator-dist-1.3.10/repository/org.springframework/spring-core/4.1.6.RELEASE/jars/spring-core.jar:/home/shishir/activator-dist-1.3.10/repository/org.springframework/spring-beans/4.1.6.RELEASE/jars/spring-beans.jar:/home/shishir/activator-dist-1.3.10/repository/org.reflections/reflections/0.9.9/jars/reflections.jar:/home/shishir/activator-dist-1.3.10/repository/net.jodah/typetools/0.4.3/bundles/typetools.jar:/home/shishir/activator-dist-1.3.10/repository/com.google.guava/guava/18.0/bundles/guava.jar:/home/shishir/activator-dist-1.3.10/repository/com.google.code.findbugs/jsr305/2.0.3/jars/jsr305.jar:/home/shishir/activator-dist-1.3.10/repository/org.apache.tomcat/tomcat-servlet-api/8.0.21/jars/tomcat-servlet-api.jar:/home/shishir/.ivy2/cache/com.typesafe.play/play-jdbc-evolutions_2.10/jars/play-jdbc-evolutions_2.10-2.4.0.jar:/home/shishir/.ivy2/cache/org.avaje.ebeanorm/avaje-ebeanorm/jars/avaje-ebeanorm-4.6.2.jar:/home/shishir/.ivy2/cache/javax.persistence/persistence-api/jars/persistence-api-1.0.jar:/home/shishir/.ivy2/cache/org.avaje.ebeanorm/avaje-ebeanorm-agent/jars/avaje-ebeanorm-agent-4.5.3.jar:/home/shishir/.ivy2/cache/com.typesafe.play/play-server_2.10/jars/play-server_2.10-2.4.6.jar:/home/shishir/.ivy2/cache/com.typesafe.play/play-netty-server_2.10/jars/play-netty-server_2.10-2.4.6.jar:/home/shishir/activator-dist-1.3.10/repository/io.netty/netty/3.10.4.Final/bundles/netty.jar:/home/shishir/activator-dist-1.3.10/repository/com.typesafe.netty/netty-http-pipelining/1.1.4/jars/netty-http-pipelining.jar:/home/shishir/.ivy2/cache/com.typesafe.play/play-cache_2.10/jars/play-cache_2.10-2.4.6.jar:/home/shishir/activator-dist-1.3.10/repository/net.sf.ehcache/ehcache-core/2.6.11/jars/ehcache-core.jar:/home/shishir/.ivy2/cache/org.mindrot/jbcrypt/jars/jbcrypt-0.3m.jar:/home/shishir/.ivy2/cache/com.typesafe.play/play-mailer_2.10/jars/play-mailer_2.10-3.0.1.jar:/home/shishir/.ivy2/cache/org.apache.commons/commons-email/jars/commons-email-1.3.3.jar:/home/shishir/.ivy2/cache/javax.mail/mail/jars/mail-1.4.5.jar:/home/shishir/.ivy2/cache/javax.activation/activation/jars/activation-1.1.1.jar:/home/shishir/.ivy2/cache/com.typesafe.play/filters-helpers_2.10/jars/filters-helpers_2.10-2.4.6.jar:/home/shishir/.ivy2/cache/org.postgresql/postgresql/bundles/postgresql-9.4.1211.jre7.jar
Scala compilation took 2.043596245 s
Attempting to call com.sun.tools.javac.api.JavacTool@1595a759 directly...
Read from stdout: /home/shishir/NetBeansProjects/codeJam/app/models/Questions.java: /home/shishir/NetBeansProjects/codeJam/app/models/Questions.java uses or overrides a deprecated API.
/home/shishir/NetBeansProjects/codeJam/app/models/Questions.java: /home/shishir/NetBeansProjects/codeJam/app/models/Questions.java uses or overrides a deprecated API.
Read from stdout: /home/shishir/NetBeansProjects/codeJam/app/models/Questions.java: Recompile with -Xlint:deprecation for details.
/home/shishir/NetBeansProjects/codeJam/app/models/Questions.java: Recompile with -Xlint:deprecation for details.
Java compilation took 0.27114707 s
Java analysis took 0.190136406 s
Java compile + analysis took 0.474620045 s
Invalidating /home/shishir/NetBeansProjects/codeJam/app/models/Questions.java...
Invalidating (transitively) by inheritance from /home/shishir/NetBeansProjects/codeJam/app/models/Questions.java...
Initial set of included nodes: Set(/home/shishir/NetBeansProjects/codeJam/app/models/Questions.java)
Invalidated by transitive inheritance dependency: Set(/home/shishir/NetBeansProjects/codeJam/app/models/Questions.java)
The /home/shishir/NetBeansProjects/codeJam/app/models/Questions.java source file has the following regular definitions changed:
	ques, question.
All member reference dependencies will be considered within this context.
Name hashing optimization doesn't apply to non-Scala dependency: /home/shishir/NetBeansProjects/codeJam/app/models/Questions.java
The following modified names cause invalidation of /home/shishir/NetBeansProjects/codeJam/target/scala-2.10/twirl/main/views/html/dashboard/index.template.scala: Set(ques)
New invalidations:
	Set(/home/shishir/NetBeansProjects/codeJam/target/scala-2.10/twirl/main/views/html/dashboard/index.template.scala)
Initial set of included nodes: Set(/home/shishir/NetBeansProjects/codeJam/target/scala-2.10/twirl/main/views/html/dashboard/index.template.scala)
Including /home/shishir/NetBeansProjects/codeJam/app/controllers/Dashboard.java by /home/shishir/NetBeansProjects/codeJam/target/scala-2.10/twirl/main/views/html/dashboard/index.template.scala
Including /home/shishir/NetBeansProjects/codeJam/target/scala-2.10/routes/main/router/Routes.scala by /home/shishir/NetBeansProjects/codeJam/app/controllers/Dashboard.java
Previously invalidated, but (transitively) depend on new invalidations:
	Set()
All newly invalidated sources after taking into account (previously) recompiled sources:Set()
Total time: 4 s, completed 27 Sep, 2016 7:05:49 PM
> server-post-command-cleanup
> server-handle-next-server-request
> {file:/home/shishir/NetBeansProjects/codeJam/}root/*:playForkReload
Evaluating tasks: *:playForkReload
Running task... Cancel: sbt.server.ServerTaskCancellation@4ccb65e4, check cycles: false

Initial source changes: 
	removed:Set()
	added: Set()
	modified: Set()
Removed products: Set()
External API changes: API Changes: Set()
Modified binary dependencies: Set()
Initial directly invalidated sources: Set()

Sources indirectly invalidated by:
	product: Set()
	binary dep: Set()
	external source: Set()
All initially invalidated sources: Set()

Copy resource mappings: 
	(/home/shishir/NetBeansProjects/codeJam/conf/routes,/home/shishir/NetBeansProjects/codeJam/target/scala-2.10/classes/routes)
	(/home/shishir/NetBeansProjects/codeJam/conf/mail.conf.example,/home/shishir/NetBeansProjects/codeJam/target/scala-2.10/classes/mail.conf.example)
	(/home/shishir/NetBeansProjects/codeJam/conf/messages.en,/home/shishir/NetBeansProjects/codeJam/target/scala-2.10/classes/messages.en)
	(/home/shishir/NetBeansProjects/codeJam/conf/play.plugins,/home/shishir/NetBeansProjects/codeJam/target/scala-2.10/classes/play.plugins)
	(/home/shishir/NetBeansProjects/codeJam/conf/cloudbees.conf,/home/shishir/NetBeansProjects/codeJam/target/scala-2.10/classes/cloudbees.conf)
	(/home/shishir/NetBeansProjects/codeJam/conf/application.conf,/home/shishir/NetBeansProjects/codeJam/target/scala-2.10/classes/application.conf)
	(/home/shishir/NetBeansProjects/codeJam/conf/messages.fr,/home/shishir/NetBeansProjects/codeJam/target/scala-2.10/classes/messages.fr)
	(/home/shishir/NetBeansProjects/codeJam/conf/evolutions,/home/shishir/NetBeansProjects/codeJam/target/scala-2.10/classes/evolutions)
	(/home/shishir/NetBeansProjects/codeJam/conf/evolutions/default,/home/shishir/NetBeansProjects/codeJam/target/scala-2.10/classes/evolutions/default)
	(/home/shishir/NetBeansProjects/codeJam/conf/evolutions/default/1.sql,/home/shishir/NetBeansProjects/codeJam/target/scala-2.10/classes/evolutions/default/1.sql)
Total time: 2 s, completed 27 Sep, 2016 7:05:50 PM
> server-post-command-cleanup
> server-handle-next-server-request
> {file:/home/shishir/NetBeansProjects/codeJam/}root/*:playForkReload
Evaluating tasks: *:playForkReload
Running task... Cancel: sbt.server.ServerTaskCancellation@52ce666d, check cycles: false

Initial source changes: 
	removed:Set()
	added: Set()
	modified: Set()
Removed products: Set()
External API changes: API Changes: Set()
Modified binary dependencies: Set()
Initial directly invalidated sources: Set()

Sources indirectly invalidated by:
	product: Set()
	binary dep: Set()
	external source: Set()
All initially invalidated sources: Set()

Copy resource mappings: 
	(/home/shishir/NetBeansProjects/codeJam/conf/routes,/home/shishir/NetBeansProjects/codeJam/target/scala-2.10/classes/routes)
	(/home/shishir/NetBeansProjects/codeJam/conf/mail.conf.example,/home/shishir/NetBeansProjects/codeJam/target/scala-2.10/classes/mail.conf.example)
	(/home/shishir/NetBeansProjects/codeJam/conf/messages.en,/home/shishir/NetBeansProjects/codeJam/target/scala-2.10/classes/messages.en)
	(/home/shishir/NetBeansProjects/codeJam/conf/play.plugins,/home/shishir/NetBeansProjects/codeJam/target/scala-2.10/classes/play.plugins)
	(/home/shishir/NetBeansProjects/codeJam/conf/cloudbees.conf,/home/shishir/NetBeansProjects/codeJam/target/scala-2.10/classes/cloudbees.conf)
	(/home/shishir/NetBeansProjects/codeJam/conf/application.conf,/home/shishir/NetBeansProjects/codeJam/target/scala-2.10/classes/application.conf)
	(/home/shishir/NetBeansProjects/codeJam/conf/messages.fr,/home/shishir/NetBeansProjects/codeJam/target/scala-2.10/classes/messages.fr)
	(/home/shishir/NetBeansProjects/codeJam/conf/evolutions,/home/shishir/NetBeansProjects/codeJam/target/scala-2.10/classes/evolutions)
	(/home/shishir/NetBeansProjects/codeJam/conf/evolutions/default,/home/shishir/NetBeansProjects/codeJam/target/scala-2.10/classes/evolutions/default)
	(/home/shishir/NetBeansProjects/codeJam/conf/evolutions/default/1.sql,/home/shishir/NetBeansProjects/codeJam/target/scala-2.10/classes/evolutions/default/1.sql)
Total time: 1 s, completed 27 Sep, 2016 7:05:55 PM
> server-post-command-cleanup
> server-handle-next-server-request
> compile
Evaluating tasks: compile:compile
Running task... Cancel: sbt.server.ServerTaskCancellation@da006a6, check cycles: false

Initial source changes: 
	removed:Set()
	added: Set()
	modified: Set(/home/shishir/NetBeansProjects/codeJam/app/models/Questions.java)
Removed products: Set()
External API changes: API Changes: Set()
Modified binary dependencies: Set()
Initial directly invalidated sources: Set(/home/shishir/NetBeansProjects/codeJam/app/models/Questions.java)

Sources indirectly invalidated by:
	product: Set()
	binary dep: Set()
	external source: Set()
All initially invalidated sources: Set(/home/shishir/NetBeansProjects/codeJam/app/models/Questions.java)

Read from stdout: Compiling 1 Java source to /home/shishir/NetBeansProjects/codeJam/target/scala-2.10/classes...
Compiling 1 Java source to /home/shishir/NetBeansProjects/codeJam/target/scala-2.10/classes...
Attempting to call com.sun.tools.javac.api.JavacTool@59486cb directly...
Read from stdout: /home/shishir/NetBeansProjects/codeJam/app/models/Questions.java: /home/shishir/NetBeansProjects/codeJam/app/models/Questions.java uses or overrides a deprecated API.
/home/shishir/NetBeansProjects/codeJam/app/models/Questions.java: /home/shishir/NetBeansProjects/codeJam/app/models/Questions.java uses or overrides a deprecated API.
Read from stdout: /home/shishir/NetBeansProjects/codeJam/app/models/Questions.java: Recompile with -Xlint:deprecation for details.
/home/shishir/NetBeansProjects/codeJam/app/models/Questions.java: Recompile with -Xlint:deprecation for details.
Java compilation took 0.411931714 s
Java analysis took 0.213222941 s
Java compile + analysis took 0.647697391 s
New invalidations:
	Set()
Initial set of included nodes: Set()
Previously invalidated, but (transitively) depend on new invalidations:
	Set()
All newly invalidated sources after taking into account (previously) recompiled sources:Set()
Total time: 3 s, completed 27 Sep, 2016 7:08:26 PM
> server-post-command-cleanup
> server-handle-next-server-request
> {file:/home/shishir/NetBeansProjects/codeJam/}root/*:playForkReload
Evaluating tasks: *:playForkReload
Running task... Cancel: sbt.server.ServerTaskCancellation@35e51ada, check cycles: false

Initial source changes: 
	removed:Set()
	added: Set()
	modified: Set()
Removed products: Set()
External API changes: API Changes: Set()
Modified binary dependencies: Set()
Initial directly invalidated sources: Set()

Sources indirectly invalidated by:
	product: Set()
	binary dep: Set()
	external source: Set()
All initially invalidated sources: Set()

Copy resource mappings: 
	(/home/shishir/NetBeansProjects/codeJam/conf/routes,/home/shishir/NetBeansProjects/codeJam/target/scala-2.10/classes/routes)
	(/home/shishir/NetBeansProjects/codeJam/conf/mail.conf.example,/home/shishir/NetBeansProjects/codeJam/target/scala-2.10/classes/mail.conf.example)
	(/home/shishir/NetBeansProjects/codeJam/conf/messages.en,/home/shishir/NetBeansProjects/codeJam/target/scala-2.10/classes/messages.en)
	(/home/shishir/NetBeansProjects/codeJam/conf/play.plugins,/home/shishir/NetBeansProjects/codeJam/target/scala-2.10/classes/play.plugins)
	(/home/shishir/NetBeansProjects/codeJam/conf/cloudbees.conf,/home/shishir/NetBeansProjects/codeJam/target/scala-2.10/classes/cloudbees.conf)
	(/home/shishir/NetBeansProjects/codeJam/conf/application.conf,/home/shishir/NetBeansProjects/codeJam/target/scala-2.10/classes/application.conf)
	(/home/shishir/NetBeansProjects/codeJam/conf/messages.fr,/home/shishir/NetBeansProjects/codeJam/target/scala-2.10/classes/messages.fr)
	(/home/shishir/NetBeansProjects/codeJam/conf/evolutions,/home/shishir/NetBeansProjects/codeJam/target/scala-2.10/classes/evolutions)
	(/home/shishir/NetBeansProjects/codeJam/conf/evolutions/default,/home/shishir/NetBeansProjects/codeJam/target/scala-2.10/classes/evolutions/default)
	(/home/shishir/NetBeansProjects/codeJam/conf/evolutions/default/1.sql,/home/shishir/NetBeansProjects/codeJam/target/scala-2.10/classes/evolutions/default/1.sql)
Total time: 1 s, completed 27 Sep, 2016 7:08:30 PM
> server-post-command-cleanup
> server-handle-next-server-request
> compile
Evaluating tasks: compile:compile
Running task... Cancel: sbt.server.ServerTaskCancellation@1267c90, check cycles: false

Initial source changes: 
	removed:Set()
	added: Set()
	modified: Set(/home/shishir/NetBeansProjects/codeJam/app/models/Questions.java)
Removed products: Set()
External API changes: API Changes: Set()
Modified binary dependencies: Set()
Initial directly invalidated sources: Set(/home/shishir/NetBeansProjects/codeJam/app/models/Questions.java)

Sources indirectly invalidated by:
	product: Set()
	binary dep: Set()
	external source: Set()
All initially invalidated sources: Set(/home/shishir/NetBeansProjects/codeJam/app/models/Questions.java)

Read from stdout: Compiling 1 Java source to /home/shishir/NetBeansProjects/codeJam/target/scala-2.10/classes...
Compiling 1 Java source to /home/shishir/NetBeansProjects/codeJam/target/scala-2.10/classes...
Attempting to call com.sun.tools.javac.api.JavacTool@647e08a5 directly...
Read from stdout: /home/shishir/NetBeansProjects/codeJam/app/models/Questions.java: /home/shishir/NetBeansProjects/codeJam/app/models/Questions.java uses or overrides a deprecated API.
/home/shishir/NetBeansProjects/codeJam/app/models/Questions.java: /home/shishir/NetBeansProjects/codeJam/app/models/Questions.java uses or overrides a deprecated API.
Read from stdout: /home/shishir/NetBeansProjects/codeJam/app/models/Questions.java: Recompile with -Xlint:deprecation for details.
/home/shishir/NetBeansProjects/codeJam/app/models/Questions.java: Recompile with -Xlint:deprecation for details.
Java compilation took 0.077605439 s
Java analysis took 0.094454398 s
Java compile + analysis took 0.184143111 s
Invalidating /home/shishir/NetBeansProjects/codeJam/app/models/Questions.java...
Invalidating (transitively) by inheritance from /home/shishir/NetBeansProjects/codeJam/app/models/Questions.java...
Initial set of included nodes: Set(/home/shishir/NetBeansProjects/codeJam/app/models/Questions.java)
Invalidated by transitive inheritance dependency: Set(/home/shishir/NetBeansProjects/codeJam/app/models/Questions.java)
The /home/shishir/NetBeansProjects/codeJam/app/models/Questions.java source file has the following regular definitions changed:
	ques.
All member reference dependencies will be considered within this context.
Name hashing optimization doesn't apply to non-Scala dependency: /home/shishir/NetBeansProjects/codeJam/app/models/Questions.java
The following modified names cause invalidation of /home/shishir/NetBeansProjects/codeJam/target/scala-2.10/twirl/main/views/html/dashboard/index.template.scala: Set(ques)
New invalidations:
	Set(/home/shishir/NetBeansProjects/codeJam/target/scala-2.10/twirl/main/views/html/dashboard/index.template.scala)
Initial set of included nodes: Set(/home/shishir/NetBeansProjects/codeJam/target/scala-2.10/twirl/main/views/html/dashboard/index.template.scala)
Including /home/shishir/NetBeansProjects/codeJam/app/controllers/Dashboard.java by /home/shishir/NetBeansProjects/codeJam/target/scala-2.10/twirl/main/views/html/dashboard/index.template.scala
Including /home/shishir/NetBeansProjects/codeJam/target/scala-2.10/routes/main/router/Routes.scala by /home/shishir/NetBeansProjects/codeJam/app/controllers/Dashboard.java
Previously invalidated, but (transitively) depend on new invalidations:
	Set()
All newly invalidated sources after taking into account (previously) recompiled sources:Set(/home/shishir/NetBeansProjects/codeJam/target/scala-2.10/twirl/main/views/html/dashboard/index.template.scala)
Read from stdout: Compiling 1 Scala source to /home/shishir/NetBeansProjects/codeJam/target/scala-2.10/classes...
Compiling 1 Scala source to /home/shishir/NetBeansProjects/codeJam/target/scala-2.10/classes...
Getting compiler-interface from component compiler for Scala 2.10.5
Other repositories:
Default repositories:
Getting compiler-interface from component compiler for Scala 2.10.5
Other repositories:
Default repositories:
Running cached compiler 2d5ed565, interfacing (CompilerInterface) with Scala compiler version 2.10.5
Calling Scala compiler with arguments  (CompilerInterface):
	-deprecation
	-unchecked
	-encoding
	utf8
	-bootclasspath
	/usr/lib/jvm/java-8-oracle/jre/lib/resources.jar:/usr/lib/jvm/java-8-oracle/jre/lib/rt.jar:/usr/lib/jvm/java-8-oracle/jre/lib/sunrsasign.jar:/usr/lib/jvm/java-8-oracle/jre/lib/jsse.jar:/usr/lib/jvm/java-8-oracle/jre/lib/jce.jar:/usr/lib/jvm/java-8-oracle/jre/lib/charsets.jar:/usr/lib/jvm/java-8-oracle/jre/lib/jfr.jar:/usr/lib/jvm/java-8-oracle/jre/classes:/home/shishir/activator-dist-1.3.10/repository/org.scala-lang/scala-library/2.10.5/jars/scala-library.jar
	-classpath
	/home/shishir/NetBeansProjects/codeJam/target/scala-2.10/classes:/home/shishir/activator-dist-1.3.10/repository/com.typesafe.play/play-enhancer/1.1.0/jars/play-enhancer.jar:/home/shishir/activator-dist-1.3.10/repository/com.typesafe.play/twirl-api_2.10/1.1.1/jars/twirl-api_2.10.jar:/home/shishir/activator-dist-1.3.10/repository/org.apache.commons/commons-lang3/3.4/jars/commons-lang3.jar:/home/shishir/.ivy2/cache/com.typesafe.play/play-ebean_2.10/jars/play-ebean_2.10-1.0.0.jar:/home/shishir/.ivy2/cache/com.typesafe.play/play-java-jdbc_2.10/jars/play-java-jdbc_2.10-2.4.0.jar:/home/shishir/.ivy2/cache/com.typesafe.play/play-jdbc_2.10/jars/play-jdbc_2.10-2.4.6.jar:/home/shishir/.ivy2/cache/com.typesafe.play/play-jdbc-api_2.10/jars/play-jdbc-api_2.10-2.4.6.jar:/home/shishir/.ivy2/cache/com.typesafe.play/play_2.10/jars/play_2.10-2.4.6.jar:/home/shishir/.ivy2/cache/com.typesafe.play/build-link/jars/build-link-2.4.6.jar:/home/shishir/.ivy2/cache/com.typesafe.play/play-exceptions/jars/play-exceptions-2.4.6.jar:/home/shishir/activator-dist-1.3.10/repository/org.javassist/javassist/3.19.0-GA/bundles/javassist.jar:/home/shishir/.ivy2/cache/com.typesafe.play/play-iteratees_2.10/jars/play-iteratees_2.10-2.4.6.jar:/home/shishir/activator-dist-1.3.10/repository/org.scala-stm/scala-stm_2.10/0.7/jars/scala-stm_2.10.jar:/home/shishir/activator-dist-1.3.10/repository/com.typesafe/config/1.3.0/bundles/config.jar:/home/shishir/.ivy2/cache/com.typesafe.play/play-json_2.10/jars/play-json_2.10-2.4.6.jar:/home/shishir/.ivy2/cache/com.typesafe.play/play-functional_2.10/jars/play-functional_2.10-2.4.6.jar:/home/shishir/.ivy2/cache/com.typesafe.play/play-datacommons_2.10/jars/play-datacommons_2.10-2.4.6.jar:/home/shishir/activator-dist-1.3.10/repository/joda-time/joda-time/2.8.1/jars/joda-time.jar:/home/shishir/activator-dist-1.3.10/repository/org.joda/joda-convert/1.7/jars/joda-convert.jar:/home/shishir/activator-dist-1.3.10/repository/org.scala-lang/scala-reflect/2.10.5/jars/scala-reflect.jar:/home/shishir/activator-dist-1.3.10/repository/com.fasterxml.jackson.core/jackson-core/2.5.4/bundles/jackson-core.jar:/home/shishir/activator-dist-1.3.10/repository/com.fasterxml.jackson.core/jackson-annotations/2.5.4/bundles/jackson-annotations.jar:/home/shishir/activator-dist-1.3.10/repository/com.fasterxml.jackson.core/jackson-databind/2.5.4/bundles/jackson-databind.jar:/home/shishir/activator-dist-1.3.10/repository/com.fasterxml.jackson.datatype/jackson-datatype-jdk8/2.5.4/bundles/jackson-datatype-jdk8.jar:/home/shishir/activator-dist-1.3.10/repository/com.fasterxml.jackson.datatype/jackson-datatype-jsr310/2.5.4/bundles/jackson-datatype-jsr310.jar:/home/shishir/.ivy2/cache/com.typesafe.play/play-netty-utils/jars/play-netty-utils-2.4.6.jar:/home/shishir/activator-dist-1.3.10/repository/org.slf4j/slf4j-api/1.7.12/jars/slf4j-api.jar:/home/shishir/activator-dist-1.3.10/repository/org.slf4j/jul-to-slf4j/1.7.12/jars/jul-to-slf4j.jar:/home/shishir/activator-dist-1.3.10/repository/org.slf4j/jcl-over-slf4j/1.7.12/jars/jcl-over-slf4j.jar:/home/shishir/activator-dist-1.3.10/repository/ch.qos.logback/logback-core/1.1.3/jars/logback-core.jar:/home/shishir/activator-dist-1.3.10/repository/ch.qos.logback/logback-classic/1.1.3/jars/logback-classic.jar:/home/shishir/.ivy2/cache/com.typesafe.akka/akka-actor_2.10/jars/akka-actor_2.10-2.3.13.jar:/home/shishir/.ivy2/cache/com.typesafe.akka/akka-slf4j_2.10/jars/akka-slf4j_2.10-2.3.13.jar:/home/shishir/activator-dist-1.3.10/repository/commons-codec/commons-codec/1.10/jars/commons-codec.jar:/home/shishir/.ivy2/cache/xerces/xercesImpl/jars/xercesImpl-2.11.0.jar:/home/shishir/.ivy2/cache/xml-apis/xml-apis/jars/xml-apis-1.4.01.jar:/home/shishir/.ivy2/cache/javax.transaction/jta/jars/jta-1.1.jar:/home/shishir/activator-dist-1.3.10/repository/com.google.inject/guice/4.0/jars/guice.jar:/home/shishir/activator-dist-1.3.10/repository/javax.inject/javax.inject/1/jars/javax.inject.jar:/home/shishir/activator-dist-1.3.10/repository/aopalliance/aopalliance/1.0/jars/aopalliance.jar:/home/shishir/activator-dist-1.3.10/repository/com.google.inject.extensions/guice-assistedinject/4.0/jars/guice-assistedinject.jar:/home/shishir/activator-dist-1.3.10/repository/com.jolbox/bonecp/0.8.0.RELEASE/bundles/bonecp.jar:/home/shishir/activator-dist-1.3.10/repository/com.zaxxer/HikariCP/2.3.7/bundles/HikariCP.jar:/home/shishir/activator-dist-1.3.10/repository/com.h2database/h2/1.4.187/jars/h2.jar:/home/shishir/activator-dist-1.3.10/repository/tyrex/tyrex/1.0.1/jars/tyrex.jar:/home/shishir/.ivy2/cache/com.typesafe.play/play-java_2.10/jars/play-java_2.10-2.4.6.jar:/home/shishir/.ivy2/cache/org.scala-lang.modules/scala-java8-compat_2.10/bundles/scala-java8-compat_2.10-0.3.0.jar:/home/shishir/activator-dist-1.3.10/repository/org.yaml/snakeyaml/1.15/bundles/snakeyaml.jar:/home/shishir/activator-dist-1.3.10/repository/org.hibernate/hibernate-validator/5.0.3.Final/jars/hibernate-validator.jar:/home/shishir/activator-dist-1.3.10/repository/javax.validation/validation-api/1.1.0.Final/jars/validation-api.jar:/home/shishir/activator-dist-1.3.10/repository/com.fasterxml/classmate/1.0.0/bundles/classmate.jar:/home/shishir/activator-dist-1.3.10/repository/org.jboss.logging/jboss-logging/3.2.1.Final/jars/jboss-logging.jar:/home/shishir/activator-dist-1.3.10/repository/org.springframework/spring-context/4.1.6.RELEASE/jars/spring-context.jar:/home/shishir/activator-dist-1.3.10/repository/org.springframework/spring-core/4.1.6.RELEASE/jars/spring-core.jar:/home/shishir/activator-dist-1.3.10/repository/org.springframework/spring-beans/4.1.6.RELEASE/jars/spring-beans.jar:/home/shishir/activator-dist-1.3.10/repository/org.reflections/reflections/0.9.9/jars/reflections.jar:/home/shishir/activator-dist-1.3.10/repository/net.jodah/typetools/0.4.3/bundles/typetools.jar:/home/shishir/activator-dist-1.3.10/repository/com.google.guava/guava/18.0/bundles/guava.jar:/home/shishir/activator-dist-1.3.10/repository/com.google.code.findbugs/jsr305/2.0.3/jars/jsr305.jar:/home/shishir/activator-dist-1.3.10/repository/org.apache.tomcat/tomcat-servlet-api/8.0.21/jars/tomcat-servlet-api.jar:/home/shishir/.ivy2/cache/com.typesafe.play/play-jdbc-evolutions_2.10/jars/play-jdbc-evolutions_2.10-2.4.0.jar:/home/shishir/.ivy2/cache/org.avaje.ebeanorm/avaje-ebeanorm/jars/avaje-ebeanorm-4.6.2.jar:/home/shishir/.ivy2/cache/javax.persistence/persistence-api/jars/persistence-api-1.0.jar:/home/shishir/.ivy2/cache/org.avaje.ebeanorm/avaje-ebeanorm-agent/jars/avaje-ebeanorm-agent-4.5.3.jar:/home/shishir/.ivy2/cache/com.typesafe.play/play-server_2.10/jars/play-server_2.10-2.4.6.jar:/home/shishir/.ivy2/cache/com.typesafe.play/play-netty-server_2.10/jars/play-netty-server_2.10-2.4.6.jar:/home/shishir/activator-dist-1.3.10/repository/io.netty/netty/3.10.4.Final/bundles/netty.jar:/home/shishir/activator-dist-1.3.10/repository/com.typesafe.netty/netty-http-pipelining/1.1.4/jars/netty-http-pipelining.jar:/home/shishir/.ivy2/cache/com.typesafe.play/play-cache_2.10/jars/play-cache_2.10-2.4.6.jar:/home/shishir/activator-dist-1.3.10/repository/net.sf.ehcache/ehcache-core/2.6.11/jars/ehcache-core.jar:/home/shishir/.ivy2/cache/org.mindrot/jbcrypt/jars/jbcrypt-0.3m.jar:/home/shishir/.ivy2/cache/com.typesafe.play/play-mailer_2.10/jars/play-mailer_2.10-3.0.1.jar:/home/shishir/.ivy2/cache/org.apache.commons/commons-email/jars/commons-email-1.3.3.jar:/home/shishir/.ivy2/cache/javax.mail/mail/jars/mail-1.4.5.jar:/home/shishir/.ivy2/cache/javax.activation/activation/jars/activation-1.1.1.jar:/home/shishir/.ivy2/cache/com.typesafe.play/filters-helpers_2.10/jars/filters-helpers_2.10-2.4.6.jar:/home/shishir/.ivy2/cache/org.postgresql/postgresql/bundles/postgresql-9.4.1211.jre7.jar
Scala compilation took 3.811770106 s
New invalidations:
	Set()
Initial set of included nodes: Set()
Previously invalidated, but (transitively) depend on new invalidations:
	Set()
All newly invalidated sources after taking into account (previously) recompiled sources:Set()
Total time: 5 s, completed 27 Sep, 2016 7:09:41 PM
> server-post-command-cleanup
> server-handle-next-server-request
> {file:/home/shishir/NetBeansProjects/codeJam/}root/*:playForkReload
Evaluating tasks: *:playForkReload
Running task... Cancel: sbt.server.ServerTaskCancellation@78fd83d8, check cycles: false

Initial source changes: 
	removed:Set()
	added: Set()
	modified: Set()
Removed products: Set()
External API changes: API Changes: Set()
Modified binary dependencies: Set()
Initial directly invalidated sources: Set()

Sources indirectly invalidated by:
	product: Set()
	binary dep: Set()
	external source: Set()
All initially invalidated sources: Set()

Copy resource mappings: 
	(/home/shishir/NetBeansProjects/codeJam/conf/routes,/home/shishir/NetBeansProjects/codeJam/target/scala-2.10/classes/routes)
	(/home/shishir/NetBeansProjects/codeJam/conf/mail.conf.example,/home/shishir/NetBeansProjects/codeJam/target/scala-2.10/classes/mail.conf.example)
	(/home/shishir/NetBeansProjects/codeJam/conf/messages.en,/home/shishir/NetBeansProjects/codeJam/target/scala-2.10/classes/messages.en)
	(/home/shishir/NetBeansProjects/codeJam/conf/play.plugins,/home/shishir/NetBeansProjects/codeJam/target/scala-2.10/classes/play.plugins)
	(/home/shishir/NetBeansProjects/codeJam/conf/cloudbees.conf,/home/shishir/NetBeansProjects/codeJam/target/scala-2.10/classes/cloudbees.conf)
	(/home/shishir/NetBeansProjects/codeJam/conf/application.conf,/home/shishir/NetBeansProjects/codeJam/target/scala-2.10/classes/application.conf)
	(/home/shishir/NetBeansProjects/codeJam/conf/messages.fr,/home/shishir/NetBeansProjects/codeJam/target/scala-2.10/classes/messages.fr)
	(/home/shishir/NetBeansProjects/codeJam/conf/evolutions,/home/shishir/NetBeansProjects/codeJam/target/scala-2.10/classes/evolutions)
	(/home/shishir/NetBeansProjects/codeJam/conf/evolutions/default,/home/shishir/NetBeansProjects/codeJam/target/scala-2.10/classes/evolutions/default)
	(/home/shishir/NetBeansProjects/codeJam/conf/evolutions/default/1.sql,/home/shishir/NetBeansProjects/codeJam/target/scala-2.10/classes/evolutions/default/1.sql)
Total time: 2 s, completed 27 Sep, 2016 7:09:43 PM
> server-post-command-cleanup
> server-handle-next-server-request
> {file:/home/shishir/NetBeansProjects/codeJam/}root/*:playForkReload
Evaluating tasks: *:playForkReload
Running task... Cancel: sbt.server.ServerTaskCancellation@440f35b8, check cycles: false

Initial source changes: 
	removed:Set()
	added: Set()
	modified: Set()
Removed products: Set()
External API changes: API Changes: Set()
Modified binary dependencies: Set()
Initial directly invalidated sources: Set()

Sources indirectly invalidated by:
	product: Set()
	binary dep: Set()
	external source: Set()
All initially invalidated sources: Set()

Copy resource mappings: 
	(/home/shishir/NetBeansProjects/codeJam/conf/routes,/home/shishir/NetBeansProjects/codeJam/target/scala-2.10/classes/routes)
	(/home/shishir/NetBeansProjects/codeJam/conf/mail.conf.example,/home/shishir/NetBeansProjects/codeJam/target/scala-2.10/classes/mail.conf.example)
	(/home/shishir/NetBeansProjects/codeJam/conf/messages.en,/home/shishir/NetBeansProjects/codeJam/target/scala-2.10/classes/messages.en)
	(/home/shishir/NetBeansProjects/codeJam/conf/play.plugins,/home/shishir/NetBeansProjects/codeJam/target/scala-2.10/classes/play.plugins)
	(/home/shishir/NetBeansProjects/codeJam/conf/cloudbees.conf,/home/shishir/NetBeansProjects/codeJam/target/scala-2.10/classes/cloudbees.conf)
	(/home/shishir/NetBeansProjects/codeJam/conf/application.conf,/home/shishir/NetBeansProjects/codeJam/target/scala-2.10/classes/application.conf)
	(/home/shishir/NetBeansProjects/codeJam/conf/messages.fr,/home/shishir/NetBeansProjects/codeJam/target/scala-2.10/classes/messages.fr)
	(/home/shishir/NetBeansProjects/codeJam/conf/evolutions,/home/shishir/NetBeansProjects/codeJam/target/scala-2.10/classes/evolutions)
	(/home/shishir/NetBeansProjects/codeJam/conf/evolutions/default,/home/shishir/NetBeansProjects/codeJam/target/scala-2.10/classes/evolutions/default)
	(/home/shishir/NetBeansProjects/codeJam/conf/evolutions/default/1.sql,/home/shishir/NetBeansProjects/codeJam/target/scala-2.10/classes/evolutions/default/1.sql)
Total time: 1 s, completed 27 Sep, 2016 7:09:47 PM
> server-post-command-cleanup
> server-handle-next-server-request
> {file:/home/shishir/NetBeansProjects/codeJam/}root/*:playForkReload
Evaluating tasks: *:playForkReload
Running task... Cancel: sbt.server.ServerTaskCancellation@72a3a229, check cycles: false

Initial source changes: 
	removed:Set()
	added: Set()
	modified: Set(/home/shishir/NetBeansProjects/codeJam/target/scala-2.10/twirl/main/views/html/dashboard/index.template.scala)
Removed products: Set()
External API changes: API Changes: Set()
Modified binary dependencies: Set()
Initial directly invalidated sources: Set(/home/shishir/NetBeansProjects/codeJam/target/scala-2.10/twirl/main/views/html/dashboard/index.template.scala)

Sources indirectly invalidated by:
	product: Set()
	binary dep: Set()
	external source: Set()
All initially invalidated sources: Set(/home/shishir/NetBeansProjects/codeJam/target/scala-2.10/twirl/main/views/html/dashboard/index.template.scala)

Read from stdout: Compiling 1 Scala source to /home/shishir/NetBeansProjects/codeJam/target/scala-2.10/classes...
Compiling 1 Scala source to /home/shishir/NetBeansProjects/codeJam/target/scala-2.10/classes...
Getting compiler-interface from component compiler for Scala 2.10.5
Other repositories:
Default repositories:
Getting compiler-interface from component compiler for Scala 2.10.5
Other repositories:
Default repositories:
Running cached compiler 64f30d22, interfacing (CompilerInterface) with Scala compiler version 2.10.5
Calling Scala compiler with arguments  (CompilerInterface):
	-deprecation
	-unchecked
	-encoding
	utf8
	-bootclasspath
	/usr/lib/jvm/java-8-oracle/jre/lib/resources.jar:/usr/lib/jvm/java-8-oracle/jre/lib/rt.jar:/usr/lib/jvm/java-8-oracle/jre/lib/sunrsasign.jar:/usr/lib/jvm/java-8-oracle/jre/lib/jsse.jar:/usr/lib/jvm/java-8-oracle/jre/lib/jce.jar:/usr/lib/jvm/java-8-oracle/jre/lib/charsets.jar:/usr/lib/jvm/java-8-oracle/jre/lib/jfr.jar:/usr/lib/jvm/java-8-oracle/jre/classes:/home/shishir/activator-dist-1.3.10/repository/org.scala-lang/scala-library/2.10.5/jars/scala-library.jar
	-classpath
	/home/shishir/NetBeansProjects/codeJam/target/scala-2.10/classes:/home/shishir/activator-dist-1.3.10/repository/com.typesafe.play/play-enhancer/1.1.0/jars/play-enhancer.jar:/home/shishir/activator-dist-1.3.10/repository/com.typesafe.play/twirl-api_2.10/1.1.1/jars/twirl-api_2.10.jar:/home/shishir/activator-dist-1.3.10/repository/org.apache.commons/commons-lang3/3.4/jars/commons-lang3.jar:/home/shishir/.ivy2/cache/com.typesafe.play/play-ebean_2.10/jars/play-ebean_2.10-1.0.0.jar:/home/shishir/.ivy2/cache/com.typesafe.play/play-java-jdbc_2.10/jars/play-java-jdbc_2.10-2.4.0.jar:/home/shishir/.ivy2/cache/com.typesafe.play/play-jdbc_2.10/jars/play-jdbc_2.10-2.4.6.jar:/home/shishir/.ivy2/cache/com.typesafe.play/play-jdbc-api_2.10/jars/play-jdbc-api_2.10-2.4.6.jar:/home/shishir/.ivy2/cache/com.typesafe.play/play_2.10/jars/play_2.10-2.4.6.jar:/home/shishir/.ivy2/cache/com.typesafe.play/build-link/jars/build-link-2.4.6.jar:/home/shishir/.ivy2/cache/com.typesafe.play/play-exceptions/jars/play-exceptions-2.4.6.jar:/home/shishir/activator-dist-1.3.10/repository/org.javassist/javassist/3.19.0-GA/bundles/javassist.jar:/home/shishir/.ivy2/cache/com.typesafe.play/play-iteratees_2.10/jars/play-iteratees_2.10-2.4.6.jar:/home/shishir/activator-dist-1.3.10/repository/org.scala-stm/scala-stm_2.10/0.7/jars/scala-stm_2.10.jar:/home/shishir/activator-dist-1.3.10/repository/com.typesafe/config/1.3.0/bundles/config.jar:/home/shishir/.ivy2/cache/com.typesafe.play/play-json_2.10/jars/play-json_2.10-2.4.6.jar:/home/shishir/.ivy2/cache/com.typesafe.play/play-functional_2.10/jars/play-functional_2.10-2.4.6.jar:/home/shishir/.ivy2/cache/com.typesafe.play/play-datacommons_2.10/jars/play-datacommons_2.10-2.4.6.jar:/home/shishir/activator-dist-1.3.10/repository/joda-time/joda-time/2.8.1/jars/joda-time.jar:/home/shishir/activator-dist-1.3.10/repository/org.joda/joda-convert/1.7/jars/joda-convert.jar:/home/shishir/activator-dist-1.3.10/repository/org.scala-lang/scala-reflect/2.10.5/jars/scala-reflect.jar:/home/shishir/activator-dist-1.3.10/repository/com.fasterxml.jackson.core/jackson-core/2.5.4/bundles/jackson-core.jar:/home/shishir/activator-dist-1.3.10/repository/com.fasterxml.jackson.core/jackson-annotations/2.5.4/bundles/jackson-annotations.jar:/home/shishir/activator-dist-1.3.10/repository/com.fasterxml.jackson.core/jackson-databind/2.5.4/bundles/jackson-databind.jar:/home/shishir/activator-dist-1.3.10/repository/com.fasterxml.jackson.datatype/jackson-datatype-jdk8/2.5.4/bundles/jackson-datatype-jdk8.jar:/home/shishir/activator-dist-1.3.10/repository/com.fasterxml.jackson.datatype/jackson-datatype-jsr310/2.5.4/bundles/jackson-datatype-jsr310.jar:/home/shishir/.ivy2/cache/com.typesafe.play/play-netty-utils/jars/play-netty-utils-2.4.6.jar:/home/shishir/activator-dist-1.3.10/repository/org.slf4j/slf4j-api/1.7.12/jars/slf4j-api.jar:/home/shishir/activator-dist-1.3.10/repository/org.slf4j/jul-to-slf4j/1.7.12/jars/jul-to-slf4j.jar:/home/shishir/activator-dist-1.3.10/repository/org.slf4j/jcl-over-slf4j/1.7.12/jars/jcl-over-slf4j.jar:/home/shishir/activator-dist-1.3.10/repository/ch.qos.logback/logback-core/1.1.3/jars/logback-core.jar:/home/shishir/activator-dist-1.3.10/repository/ch.qos.logback/logback-classic/1.1.3/jars/logback-classic.jar:/home/shishir/.ivy2/cache/com.typesafe.akka/akka-actor_2.10/jars/akka-actor_2.10-2.3.13.jar:/home/shishir/.ivy2/cache/com.typesafe.akka/akka-slf4j_2.10/jars/akka-slf4j_2.10-2.3.13.jar:/home/shishir/activator-dist-1.3.10/repository/commons-codec/commons-codec/1.10/jars/commons-codec.jar:/home/shishir/.ivy2/cache/xerces/xercesImpl/jars/xercesImpl-2.11.0.jar:/home/shishir/.ivy2/cache/xml-apis/xml-apis/jars/xml-apis-1.4.01.jar:/home/shishir/.ivy2/cache/javax.transaction/jta/jars/jta-1.1.jar:/home/shishir/activator-dist-1.3.10/repository/com.google.inject/guice/4.0/jars/guice.jar:/home/shishir/activator-dist-1.3.10/repository/javax.inject/javax.inject/1/jars/javax.inject.jar:/home/shishir/activator-dist-1.3.10/repository/aopalliance/aopalliance/1.0/jars/aopalliance.jar:/home/shishir/activator-dist-1.3.10/repository/com.google.inject.extensions/guice-assistedinject/4.0/jars/guice-assistedinject.jar:/home/shishir/activator-dist-1.3.10/repository/com.jolbox/bonecp/0.8.0.RELEASE/bundles/bonecp.jar:/home/shishir/activator-dist-1.3.10/repository/com.zaxxer/HikariCP/2.3.7/bundles/HikariCP.jar:/home/shishir/activator-dist-1.3.10/repository/com.h2database/h2/1.4.187/jars/h2.jar:/home/shishir/activator-dist-1.3.10/repository/tyrex/tyrex/1.0.1/jars/tyrex.jar:/home/shishir/.ivy2/cache/com.typesafe.play/play-java_2.10/jars/play-java_2.10-2.4.6.jar:/home/shishir/.ivy2/cache/org.scala-lang.modules/scala-java8-compat_2.10/bundles/scala-java8-compat_2.10-0.3.0.jar:/home/shishir/activator-dist-1.3.10/repository/org.yaml/snakeyaml/1.15/bundles/snakeyaml.jar:/home/shishir/activator-dist-1.3.10/repository/org.hibernate/hibernate-validator/5.0.3.Final/jars/hibernate-validator.jar:/home/shishir/activator-dist-1.3.10/repository/javax.validation/validation-api/1.1.0.Final/jars/validation-api.jar:/home/shishir/activator-dist-1.3.10/repository/com.fasterxml/classmate/1.0.0/bundles/classmate.jar:/home/shishir/activator-dist-1.3.10/repository/org.jboss.logging/jboss-logging/3.2.1.Final/jars/jboss-logging.jar:/home/shishir/activator-dist-1.3.10/repository/org.springframework/spring-context/4.1.6.RELEASE/jars/spring-context.jar:/home/shishir/activator-dist-1.3.10/repository/org.springframework/spring-core/4.1.6.RELEASE/jars/spring-core.jar:/home/shishir/activator-dist-1.3.10/repository/org.springframework/spring-beans/4.1.6.RELEASE/jars/spring-beans.jar:/home/shishir/activator-dist-1.3.10/repository/org.reflections/reflections/0.9.9/jars/reflections.jar:/home/shishir/activator-dist-1.3.10/repository/net.jodah/typetools/0.4.3/bundles/typetools.jar:/home/shishir/activator-dist-1.3.10/repository/com.google.guava/guava/18.0/bundles/guava.jar:/home/shishir/activator-dist-1.3.10/repository/com.google.code.findbugs/jsr305/2.0.3/jars/jsr305.jar:/home/shishir/activator-dist-1.3.10/repository/org.apache.tomcat/tomcat-servlet-api/8.0.21/jars/tomcat-servlet-api.jar:/home/shishir/.ivy2/cache/com.typesafe.play/play-jdbc-evolutions_2.10/jars/play-jdbc-evolutions_2.10-2.4.0.jar:/home/shishir/.ivy2/cache/org.avaje.ebeanorm/avaje-ebeanorm/jars/avaje-ebeanorm-4.6.2.jar:/home/shishir/.ivy2/cache/javax.persistence/persistence-api/jars/persistence-api-1.0.jar:/home/shishir/.ivy2/cache/org.avaje.ebeanorm/avaje-ebeanorm-agent/jars/avaje-ebeanorm-agent-4.5.3.jar:/home/shishir/.ivy2/cache/com.typesafe.play/play-server_2.10/jars/play-server_2.10-2.4.6.jar:/home/shishir/.ivy2/cache/com.typesafe.play/play-netty-server_2.10/jars/play-netty-server_2.10-2.4.6.jar:/home/shishir/activator-dist-1.3.10/repository/io.netty/netty/3.10.4.Final/bundles/netty.jar:/home/shishir/activator-dist-1.3.10/repository/com.typesafe.netty/netty-http-pipelining/1.1.4/jars/netty-http-pipelining.jar:/home/shishir/.ivy2/cache/com.typesafe.play/play-cache_2.10/jars/play-cache_2.10-2.4.6.jar:/home/shishir/activator-dist-1.3.10/repository/net.sf.ehcache/ehcache-core/2.6.11/jars/ehcache-core.jar:/home/shishir/.ivy2/cache/org.mindrot/jbcrypt/jars/jbcrypt-0.3m.jar:/home/shishir/.ivy2/cache/com.typesafe.play/play-mailer_2.10/jars/play-mailer_2.10-3.0.1.jar:/home/shishir/.ivy2/cache/org.apache.commons/commons-email/jars/commons-email-1.3.3.jar:/home/shishir/.ivy2/cache/javax.mail/mail/jars/mail-1.4.5.jar:/home/shishir/.ivy2/cache/javax.activation/activation/jars/activation-1.1.1.jar:/home/shishir/.ivy2/cache/com.typesafe.play/filters-helpers_2.10/jars/filters-helpers_2.10-2.4.6.jar:/home/shishir/.ivy2/cache/org.postgresql/postgresql/bundles/postgresql-9.4.1211.jre7.jar
Scala compilation took 1.417541662 s
New invalidations:
	Set()
Initial set of included nodes: Set()
Previously invalidated, but (transitively) depend on new invalidations:
	Set()
All newly invalidated sources after taking into account (previously) recompiled sources:Set()
Copy resource mappings: 
	(/home/shishir/NetBeansProjects/codeJam/conf/routes,/home/shishir/NetBeansProjects/codeJam/target/scala-2.10/classes/routes)
	(/home/shishir/NetBeansProjects/codeJam/conf/mail.conf.example,/home/shishir/NetBeansProjects/codeJam/target/scala-2.10/classes/mail.conf.example)
	(/home/shishir/NetBeansProjects/codeJam/conf/messages.en,/home/shishir/NetBeansProjects/codeJam/target/scala-2.10/classes/messages.en)
	(/home/shishir/NetBeansProjects/codeJam/conf/play.plugins,/home/shishir/NetBeansProjects/codeJam/target/scala-2.10/classes/play.plugins)
	(/home/shishir/NetBeansProjects/codeJam/conf/cloudbees.conf,/home/shishir/NetBeansProjects/codeJam/target/scala-2.10/classes/cloudbees.conf)
	(/home/shishir/NetBeansProjects/codeJam/conf/application.conf,/home/shishir/NetBeansProjects/codeJam/target/scala-2.10/classes/application.conf)
	(/home/shishir/NetBeansProjects/codeJam/conf/messages.fr,/home/shishir/NetBeansProjects/codeJam/target/scala-2.10/classes/messages.fr)
	(/home/shishir/NetBeansProjects/codeJam/conf/evolutions,/home/shishir/NetBeansProjects/codeJam/target/scala-2.10/classes/evolutions)
	(/home/shishir/NetBeansProjects/codeJam/conf/evolutions/default,/home/shishir/NetBeansProjects/codeJam/target/scala-2.10/classes/evolutions/default)
	(/home/shishir/NetBeansProjects/codeJam/conf/evolutions/default/1.sql,/home/shishir/NetBeansProjects/codeJam/target/scala-2.10/classes/evolutions/default/1.sql)
Total time: 2 s, completed 27 Sep, 2016 7:11:00 PM
> server-post-command-cleanup
> server-handle-next-server-request
> compile
Evaluating tasks: compile:compile
Running task... Cancel: sbt.server.ServerTaskCancellation@32e01219, check cycles: false

Initial source changes: 
	removed:Set()
	added: Set()
	modified: Set(/home/shishir/NetBeansProjects/codeJam/app/models/Questions.java)
Removed products: Set()
External API changes: API Changes: Set()
Modified binary dependencies: Set()
Initial directly invalidated sources: Set(/home/shishir/NetBeansProjects/codeJam/app/models/Questions.java)

Sources indirectly invalidated by:
	product: Set()
	binary dep: Set()
	external source: Set()
All initially invalidated sources: Set(/home/shishir/NetBeansProjects/codeJam/app/models/Questions.java)

Read from stdout: Compiling 1 Java source to /home/shishir/NetBeansProjects/codeJam/target/scala-2.10/classes...
Compiling 1 Java source to /home/shishir/NetBeansProjects/codeJam/target/scala-2.10/classes...
Attempting to call com.sun.tools.javac.api.JavacTool@41d58085 directly...
Read from stdout: /home/shishir/NetBeansProjects/codeJam/app/models/Questions.java: /home/shishir/NetBeansProjects/codeJam/app/models/Questions.java uses or overrides a deprecated API.
/home/shishir/NetBeansProjects/codeJam/app/models/Questions.java: /home/shishir/NetBeansProjects/codeJam/app/models/Questions.java uses or overrides a deprecated API.
Read from stdout: /home/shishir/NetBeansProjects/codeJam/app/models/Questions.java: Recompile with -Xlint:deprecation for details.
/home/shishir/NetBeansProjects/codeJam/app/models/Questions.java: Recompile with -Xlint:deprecation for details.
Java compilation took 0.837732947 s
Java analysis took 0.750738166 s
Java compile + analysis took 1.87598161 s
New invalidations:
	Set()
Initial set of included nodes: Set()
Previously invalidated, but (transitively) depend on new invalidations:
	Set()
All newly invalidated sources after taking into account (previously) recompiled sources:Set()
Total time: 5 s, completed 27 Sep, 2016 7:31:17 PM
> server-post-command-cleanup
> server-handle-next-server-request
